<?xml version="1.0" encoding="UTF-8"?>
<testsuite name="com.futuereh.dronefeeder.controller.EntregaControllerTests" tests="3" skipped="0" failures="1" errors="0" timestamp="2022-11-05T16:05:11" hostname="Nitro" time="0.482">
  <properties/>
  <testcase name="01 - Testa a adição de novas entregas ao DB." classname="com.futuereh.dronefeeder.controller.EntregaControllerTests" time="0.446"/>
  <testcase name="02 - Testa inserção de entrega já cadastrada." classname="com.futuereh.dronefeeder.controller.EntregaControllerTests" time="0.026"/>
  <testcase name="03 - Testa lançamento do erro inesperado." classname="com.futuereh.dronefeeder.controller.EntregaControllerTests" time="0.007">
    <failure message="com.futuereh.dronefeeder.commons.EntregaExistsException" type="com.futuereh.dronefeeder.commons.EntregaExistsException">com.futuereh.dronefeeder.commons.EntregaExistsException
</failure>
  </testcase>
  <system-out><![CDATA[13:05:07.687 [Test worker] DEBUG org.springframework.test.context.BootstrapUtils - Instantiating CacheAwareContextLoaderDelegate from class [org.springframework.test.context.cache.DefaultCacheAwareContextLoaderDelegate]
13:05:07.696 [Test worker] DEBUG org.springframework.test.context.BootstrapUtils - Instantiating BootstrapContext using constructor [public org.springframework.test.context.support.DefaultBootstrapContext(java.lang.Class,org.springframework.test.context.CacheAwareContextLoaderDelegate)]
13:05:07.723 [Test worker] DEBUG org.springframework.test.context.BootstrapUtils - Instantiating TestContextBootstrapper for test class [com.futuereh.dronefeeder.controller.EntregaControllerTests] from class [org.springframework.boot.test.context.SpringBootTestContextBootstrapper]
13:05:07.732 [Test worker] INFO org.springframework.boot.test.context.SpringBootTestContextBootstrapper - Neither @ContextConfiguration nor @ContextHierarchy found for test class [com.futuereh.dronefeeder.controller.EntregaControllerTests], using SpringBootContextLoader
13:05:07.736 [Test worker] DEBUG org.springframework.test.context.support.AbstractContextLoader - Did not detect default resource location for test class [com.futuereh.dronefeeder.controller.EntregaControllerTests]: class path resource [com/futuereh/dronefeeder/controller/EntregaControllerTests-context.xml] does not exist
13:05:07.737 [Test worker] DEBUG org.springframework.test.context.support.AbstractContextLoader - Did not detect default resource location for test class [com.futuereh.dronefeeder.controller.EntregaControllerTests]: class path resource [com/futuereh/dronefeeder/controller/EntregaControllerTestsContext.groovy] does not exist
13:05:07.738 [Test worker] INFO org.springframework.test.context.support.AbstractContextLoader - Could not detect default resource locations for test class [com.futuereh.dronefeeder.controller.EntregaControllerTests]: no resource found for suffixes {-context.xml, Context.groovy}.
13:05:07.738 [Test worker] INFO org.springframework.test.context.support.AnnotationConfigContextLoaderUtils - Could not detect default configuration classes for test class [com.futuereh.dronefeeder.controller.EntregaControllerTests]: EntregaControllerTests does not declare any static, non-private, non-final, nested classes annotated with @Configuration.
13:05:07.791 [Test worker] DEBUG org.springframework.test.context.support.ActiveProfilesUtils - Could not find an 'annotation declaring class' for annotation type [org.springframework.test.context.ActiveProfiles] and class [com.futuereh.dronefeeder.controller.EntregaControllerTests]
13:05:07.847 [Test worker] DEBUG org.springframework.context.annotation.ClassPathScanningCandidateComponentProvider - Identified candidate component class: file [/home/wittho/eclipse-workspace/acc-java/15-final/Drone_Feeder/build/classes/java/main/com/futuereh/dronefeeder/DroneFeederApplication.class]
13:05:07.847 [Test worker] INFO org.springframework.boot.test.context.SpringBootTestContextBootstrapper - Found @SpringBootConfiguration com.futuereh.dronefeeder.DroneFeederApplication for test class com.futuereh.dronefeeder.controller.EntregaControllerTests
13:05:07.916 [Test worker] DEBUG org.springframework.boot.test.context.SpringBootTestContextBootstrapper - @TestExecutionListeners is not present for class [com.futuereh.dronefeeder.controller.EntregaControllerTests]: using defaults.
13:05:07.916 [Test worker] INFO org.springframework.boot.test.context.SpringBootTestContextBootstrapper - Loaded default TestExecutionListener class names from location [META-INF/spring.factories]: [org.springframework.boot.test.autoconfigure.restdocs.RestDocsTestExecutionListener, org.springframework.boot.test.autoconfigure.web.client.MockRestServiceServerResetTestExecutionListener, org.springframework.boot.test.autoconfigure.web.servlet.MockMvcPrintOnlyOnFailureTestExecutionListener, org.springframework.boot.test.autoconfigure.web.servlet.WebDriverTestExecutionListener, org.springframework.boot.test.autoconfigure.webservices.client.MockWebServiceServerTestExecutionListener, org.springframework.boot.test.mock.mockito.MockitoTestExecutionListener, org.springframework.boot.test.mock.mockito.ResetMocksTestExecutionListener, org.springframework.test.context.web.ServletTestExecutionListener, org.springframework.test.context.support.DirtiesContextBeforeModesTestExecutionListener, org.springframework.test.context.event.ApplicationEventsTestExecutionListener, org.springframework.test.context.support.DependencyInjectionTestExecutionListener, org.springframework.test.context.support.DirtiesContextTestExecutionListener, org.springframework.test.context.transaction.TransactionalTestExecutionListener, org.springframework.test.context.jdbc.SqlScriptsTestExecutionListener, org.springframework.test.context.event.EventPublishingTestExecutionListener]
13:05:07.928 [Test worker] INFO org.springframework.boot.test.context.SpringBootTestContextBootstrapper - Using TestExecutionListeners: [org.springframework.test.context.web.ServletTestExecutionListener@68759011, org.springframework.test.context.support.DirtiesContextBeforeModesTestExecutionListener@7e242b4d, org.springframework.test.context.event.ApplicationEventsTestExecutionListener@305f031, org.springframework.boot.test.mock.mockito.MockitoTestExecutionListener@592e843a, org.springframework.boot.test.autoconfigure.SpringBootDependencyInjectionTestExecutionListener@1d1f7216, org.springframework.test.context.support.DirtiesContextTestExecutionListener@423e4cbb, org.springframework.test.context.transaction.TransactionalTestExecutionListener@6e16b8b5, org.springframework.test.context.jdbc.SqlScriptsTestExecutionListener@43b4fe19, org.springframework.test.context.event.EventPublishingTestExecutionListener@25ddbbbb, org.springframework.boot.test.autoconfigure.restdocs.RestDocsTestExecutionListener@1536602f, org.springframework.boot.test.autoconfigure.web.client.MockRestServiceServerResetTestExecutionListener@4ebea12c, org.springframework.boot.test.autoconfigure.web.servlet.MockMvcPrintOnlyOnFailureTestExecutionListener@2a1edad4, org.springframework.boot.test.autoconfigure.web.servlet.WebDriverTestExecutionListener@6256ac4f, org.springframework.boot.test.autoconfigure.webservices.client.MockWebServiceServerTestExecutionListener@44c79f32, org.springframework.boot.test.mock.mockito.ResetMocksTestExecutionListener@7fcbe147]

  .   ____          _            __ _ _
 /\\ / ___'_ __ _ _(_)_ __  __ _ \ \ \ \
( ( )\___ | '_ | '_| | '_ \/ _` | \ \ \ \
 \\/  ___)| |_)| | | | | || (_| |  ) ) ) )
  '  |____| .__|_| |_|_| |_\__, | / / / /
 =========|_|==============|___/=/_/_/_/
 :: Spring Boot ::                (v2.7.5)

2022-11-05 13:05:08.222  INFO 30089 --- [    Test worker] c.f.d.controller.EntregaControllerTests  : Starting EntregaControllerTests using Java 11.0.16 on Nitro with PID 30089 (started by wittho in /home/wittho/eclipse-workspace/acc-java/15-final/Drone_Feeder)
2022-11-05 13:05:08.224  INFO 30089 --- [    Test worker] c.f.d.controller.EntregaControllerTests  : No active profile set, falling back to 1 default profile: "default"
2022-11-05 13:05:08.796  INFO 30089 --- [    Test worker] .s.d.r.c.RepositoryConfigurationDelegate : Bootstrapping Spring Data JPA repositories in DEFAULT mode.
2022-11-05 13:05:08.841  INFO 30089 --- [    Test worker] .s.d.r.c.RepositoryConfigurationDelegate : Finished Spring Data repository scanning in 38 ms. Found 2 JPA repository interfaces.
2022-11-05 13:05:09.300  INFO 30089 --- [    Test worker] o.hibernate.jpa.internal.util.LogHelper  : HHH000204: Processing PersistenceUnitInfo [name: default]
2022-11-05 13:05:09.352  INFO 30089 --- [    Test worker] org.hibernate.Version                    : HHH000412: Hibernate ORM core version 5.6.12.Final
2022-11-05 13:05:09.491  INFO 30089 --- [    Test worker] o.hibernate.annotations.common.Version   : HCANN000001: Hibernate Commons Annotations {5.1.2.Final}
2022-11-05 13:05:09.586  INFO 30089 --- [    Test worker] com.zaxxer.hikari.HikariDataSource       : HikariPool-1 - Starting...
2022-11-05 13:05:09.957  INFO 30089 --- [    Test worker] com.zaxxer.hikari.HikariDataSource       : HikariPool-1 - Start completed.
2022-11-05 13:05:09.970  INFO 30089 --- [    Test worker] org.hibernate.dialect.Dialect            : HHH000400: Using dialect: org.hibernate.dialect.MySQL5InnoDBDialect
2022-11-05 13:05:10.593  INFO 30089 --- [    Test worker] o.h.e.t.j.p.i.JtaPlatformInitiator       : HHH000490: Using JtaPlatform implementation: [org.hibernate.engine.transaction.jta.platform.internal.NoJtaPlatform]
2022-11-05 13:05:10.602  INFO 30089 --- [    Test worker] j.LocalContainerEntityManagerFactoryBean : Initialized JPA EntityManagerFactory for persistence unit 'default'
2022-11-05 13:05:11.278  WARN 30089 --- [    Test worker] JpaBaseConfiguration$JpaWebConfiguration : spring.jpa.open-in-view is enabled by default. Therefore, database queries may be performed during view rendering. Explicitly configure spring.jpa.open-in-view to disable this warning
2022-11-05 13:05:11.796  INFO 30089 --- [    Test worker] o.s.b.t.m.w.SpringBootMockServletContext : Initializing Spring TestDispatcherServlet ''
2022-11-05 13:05:11.797  INFO 30089 --- [    Test worker] o.s.t.web.servlet.TestDispatcherServlet  : Initializing Servlet ''
2022-11-05 13:05:11.798  INFO 30089 --- [    Test worker] o.s.t.web.servlet.TestDispatcherServlet  : Completed initialization in 1 ms
2022-11-05 13:05:11.818  INFO 30089 --- [    Test worker] c.f.d.controller.EntregaControllerTests  : Started EntregaControllerTests in 3.867 seconds (JVM running for 4.854)
]]></system-out>
  <system-err><![CDATA[]]></system-err>
</testsuite>
