<?xml version="1.0" encoding="UTF-8"?>
<testsuite name="com.futuereh.dronefeeder.DroneFeederApplicationTests" tests="1" skipped="0" failures="0" errors="0" timestamp="2022-11-09T19:15:44" hostname="Nitro" time="0.004">
  <properties/>
  <testcase name="contextLoads()" classname="com.futuereh.dronefeeder.DroneFeederApplicationTests" time="0.004"/>
  <system-out><![CDATA[2022-11-09 16:15:43.788  INFO 17611 --- [    Test worker] .b.t.c.SpringBootTestContextBootstrapper : Neither @ContextConfiguration nor @ContextHierarchy found for test class [com.futuereh.dronefeeder.DroneFeederApplicationTests], using SpringBootContextLoader
2022-11-09 16:15:43.806  INFO 17611 --- [    Test worker] o.s.t.c.support.AbstractContextLoader    : Could not detect default resource locations for test class [com.futuereh.dronefeeder.DroneFeederApplicationTests]: no resource found for suffixes {-context.xml, Context.groovy}.
2022-11-09 16:15:43.806  INFO 17611 --- [    Test worker] t.c.s.AnnotationConfigContextLoaderUtils : Could not detect default configuration classes for test class [com.futuereh.dronefeeder.DroneFeederApplicationTests]: DroneFeederApplicationTests does not declare any static, non-private, non-final, nested classes annotated with @Configuration.
2022-11-09 16:15:43.810  INFO 17611 --- [    Test worker] .b.t.c.SpringBootTestContextBootstrapper : Found @SpringBootConfiguration com.futuereh.dronefeeder.DroneFeederApplication for test class com.futuereh.dronefeeder.DroneFeederApplicationTests
2022-11-09 16:15:43.813  INFO 17611 --- [    Test worker] .b.t.c.SpringBootTestContextBootstrapper : Loaded default TestExecutionListener class names from location [META-INF/spring.factories]: [org.springframework.boot.test.autoconfigure.restdocs.RestDocsTestExecutionListener, org.springframework.boot.test.autoconfigure.web.client.MockRestServiceServerResetTestExecutionListener, org.springframework.boot.test.autoconfigure.web.servlet.MockMvcPrintOnlyOnFailureTestExecutionListener, org.springframework.boot.test.autoconfigure.web.servlet.WebDriverTestExecutionListener, org.springframework.boot.test.autoconfigure.webservices.client.MockWebServiceServerTestExecutionListener, org.springframework.boot.test.mock.mockito.MockitoTestExecutionListener, org.springframework.boot.test.mock.mockito.ResetMocksTestExecutionListener, org.springframework.test.context.web.ServletTestExecutionListener, org.springframework.test.context.support.DirtiesContextBeforeModesTestExecutionListener, org.springframework.test.context.event.ApplicationEventsTestExecutionListener, org.springframework.test.context.support.DependencyInjectionTestExecutionListener, org.springframework.test.context.support.DirtiesContextTestExecutionListener, org.springframework.test.context.transaction.TransactionalTestExecutionListener, org.springframework.test.context.jdbc.SqlScriptsTestExecutionListener, org.springframework.test.context.event.EventPublishingTestExecutionListener]
2022-11-09 16:15:43.814  INFO 17611 --- [    Test worker] .b.t.c.SpringBootTestContextBootstrapper : Using TestExecutionListeners: [org.springframework.test.context.web.ServletTestExecutionListener@4c6ebaf2, org.springframework.test.context.support.DirtiesContextBeforeModesTestExecutionListener@9063080, org.springframework.test.context.event.ApplicationEventsTestExecutionListener@1bb21ec1, org.springframework.boot.test.mock.mockito.MockitoTestExecutionListener@42626e86, org.springframework.boot.test.autoconfigure.SpringBootDependencyInjectionTestExecutionListener@7be2f512, org.springframework.test.context.support.DirtiesContextTestExecutionListener@435848de, org.springframework.test.context.transaction.TransactionalTestExecutionListener@48971262, org.springframework.test.context.jdbc.SqlScriptsTestExecutionListener@19d043a8, org.springframework.test.context.event.EventPublishingTestExecutionListener@75f67fe5, org.springframework.boot.test.autoconfigure.restdocs.RestDocsTestExecutionListener@7469c73d, org.springframework.boot.test.autoconfigure.web.client.MockRestServiceServerResetTestExecutionListener@41dcfd0, org.springframework.boot.test.autoconfigure.web.servlet.MockMvcPrintOnlyOnFailureTestExecutionListener@1fcb01f8, org.springframework.boot.test.autoconfigure.web.servlet.WebDriverTestExecutionListener@59845cb3, org.springframework.boot.test.autoconfigure.webservices.client.MockWebServiceServerTestExecutionListener@63ee2891, org.springframework.boot.test.mock.mockito.ResetMocksTestExecutionListener@9670873]

  .   ____          _            __ _ _
 /\\ / ___'_ __ _ _(_)_ __  __ _ \ \ \ \
( ( )\___ | '_ | '_| | '_ \/ _` | \ \ \ \
 \\/  ___)| |_)| | | | | || (_| |  ) ) ) )
  '  |____| .__|_| |_|_| |_\__, | / / / /
 =========|_|==============|___/=/_/_/_/
 :: Spring Boot ::                (v2.7.5)

2022-11-09 16:15:43.849  INFO 17611 --- [    Test worker] c.f.d.DroneFeederApplicationTests        : Starting DroneFeederApplicationTests using Java 11.0.17 on Nitro with PID 17611 (started by wittho in /home/wittho/eclipse-workspace/acc-java/15-final/Drone_Feeder)
2022-11-09 16:15:43.850  INFO 17611 --- [    Test worker] c.f.d.DroneFeederApplicationTests        : No active profile set, falling back to 1 default profile: "default"
2022-11-09 16:15:43.992  INFO 17611 --- [    Test worker] .s.d.r.c.RepositoryConfigurationDelegate : Bootstrapping Spring Data JPA repositories in DEFAULT mode.
2022-11-09 16:15:43.999  INFO 17611 --- [    Test worker] .s.d.r.c.RepositoryConfigurationDelegate : Finished Spring Data repository scanning in 7 ms. Found 2 JPA repository interfaces.
2022-11-09 16:15:44.134  INFO 17611 --- [    Test worker] o.hibernate.jpa.internal.util.LogHelper  : HHH000204: Processing PersistenceUnitInfo [name: default]
2022-11-09 16:15:44.140  INFO 17611 --- [    Test worker] com.zaxxer.hikari.HikariDataSource       : HikariPool-2 - Starting...
2022-11-09 16:15:44.190  INFO 17611 --- [    Test worker] com.zaxxer.hikari.HikariDataSource       : HikariPool-2 - Start completed.
2022-11-09 16:15:44.190  INFO 17611 --- [    Test worker] org.hibernate.dialect.Dialect            : HHH000400: Using dialect: org.hibernate.dialect.MySQL5InnoDBDialect
2022-11-09 16:15:44.226  INFO 17611 --- [    Test worker] o.h.e.t.j.p.i.JtaPlatformInitiator       : HHH000490: Using JtaPlatform implementation: [org.hibernate.engine.transaction.jta.platform.internal.NoJtaPlatform]
2022-11-09 16:15:44.227  INFO 17611 --- [    Test worker] j.LocalContainerEntityManagerFactoryBean : Initialized JPA EntityManagerFactory for persistence unit 'default'
2022-11-09 16:15:44.406  WARN 17611 --- [    Test worker] JpaBaseConfiguration$JpaWebConfiguration : spring.jpa.open-in-view is enabled by default. Therefore, database queries may be performed during view rendering. Explicitly configure spring.jpa.open-in-view to disable this warning
2022-11-09 16:15:44.687  INFO 17611 --- [    Test worker] c.f.d.DroneFeederApplicationTests        : Started DroneFeederApplicationTests in 0.862 seconds (JVM running for 13.107)
]]></system-out>
  <system-err><![CDATA[]]></system-err>
</testsuite>
