<?xml version="1.0" encoding="UTF-8"?>
<testsuite name="com.futuereh.dronefeeder.controller.DroneControllerTests" tests="2" skipped="0" failures="0" errors="0" timestamp="2022-11-01T20:07:06" hostname="Nitro" time="0.811">
  <properties/>
  <testcase name="01 - Testa a adição de novos drones ao DB." classname="com.futuereh.dronefeeder.controller.DroneControllerTests" time="0.776"/>
  <testcase name="02 - Testa caso de drone a ser adicionado já existir no DB." classname="com.futuereh.dronefeeder.controller.DroneControllerTests" time="0.033"/>
  <system-out><![CDATA[17:06:59.460 [Test worker] DEBUG org.springframework.test.context.BootstrapUtils - Instantiating CacheAwareContextLoaderDelegate from class [org.springframework.test.context.cache.DefaultCacheAwareContextLoaderDelegate]
17:06:59.493 [Test worker] DEBUG org.springframework.test.context.BootstrapUtils - Instantiating BootstrapContext using constructor [public org.springframework.test.context.support.DefaultBootstrapContext(java.lang.Class,org.springframework.test.context.CacheAwareContextLoaderDelegate)]
17:06:59.568 [Test worker] DEBUG org.springframework.test.context.BootstrapUtils - Instantiating TestContextBootstrapper for test class [com.futuereh.dronefeeder.controller.DroneControllerTests] from class [org.springframework.boot.test.context.SpringBootTestContextBootstrapper]
17:06:59.588 [Test worker] INFO org.springframework.boot.test.context.SpringBootTestContextBootstrapper - Neither @ContextConfiguration nor @ContextHierarchy found for test class [com.futuereh.dronefeeder.controller.DroneControllerTests], using SpringBootContextLoader
17:06:59.597 [Test worker] DEBUG org.springframework.test.context.support.AbstractContextLoader - Did not detect default resource location for test class [com.futuereh.dronefeeder.controller.DroneControllerTests]: class path resource [com/futuereh/dronefeeder/controller/DroneControllerTests-context.xml] does not exist
17:06:59.597 [Test worker] DEBUG org.springframework.test.context.support.AbstractContextLoader - Did not detect default resource location for test class [com.futuereh.dronefeeder.controller.DroneControllerTests]: class path resource [com/futuereh/dronefeeder/controller/DroneControllerTestsContext.groovy] does not exist
17:06:59.598 [Test worker] INFO org.springframework.test.context.support.AbstractContextLoader - Could not detect default resource locations for test class [com.futuereh.dronefeeder.controller.DroneControllerTests]: no resource found for suffixes {-context.xml, Context.groovy}.
17:06:59.599 [Test worker] INFO org.springframework.test.context.support.AnnotationConfigContextLoaderUtils - Could not detect default configuration classes for test class [com.futuereh.dronefeeder.controller.DroneControllerTests]: DroneControllerTests does not declare any static, non-private, non-final, nested classes annotated with @Configuration.
17:06:59.695 [Test worker] DEBUG org.springframework.test.context.support.ActiveProfilesUtils - Could not find an 'annotation declaring class' for annotation type [org.springframework.test.context.ActiveProfiles] and class [com.futuereh.dronefeeder.controller.DroneControllerTests]
17:06:59.827 [Test worker] DEBUG org.springframework.context.annotation.ClassPathScanningCandidateComponentProvider - Identified candidate component class: file [/home/wittho/eclipse-workspace/acc-java/15-final/Drone_Feeder/build/classes/java/main/com/futuereh/dronefeeder/DroneFeederApplication.class]
17:06:59.828 [Test worker] INFO org.springframework.boot.test.context.SpringBootTestContextBootstrapper - Found @SpringBootConfiguration com.futuereh.dronefeeder.DroneFeederApplication for test class com.futuereh.dronefeeder.controller.DroneControllerTests
17:07:00.076 [Test worker] DEBUG org.springframework.boot.test.context.SpringBootTestContextBootstrapper - @TestExecutionListeners is not present for class [com.futuereh.dronefeeder.controller.DroneControllerTests]: using defaults.
17:07:00.077 [Test worker] INFO org.springframework.boot.test.context.SpringBootTestContextBootstrapper - Loaded default TestExecutionListener class names from location [META-INF/spring.factories]: [org.springframework.boot.test.autoconfigure.restdocs.RestDocsTestExecutionListener, org.springframework.boot.test.autoconfigure.web.client.MockRestServiceServerResetTestExecutionListener, org.springframework.boot.test.autoconfigure.web.servlet.MockMvcPrintOnlyOnFailureTestExecutionListener, org.springframework.boot.test.autoconfigure.web.servlet.WebDriverTestExecutionListener, org.springframework.boot.test.autoconfigure.webservices.client.MockWebServiceServerTestExecutionListener, org.springframework.boot.test.mock.mockito.MockitoTestExecutionListener, org.springframework.boot.test.mock.mockito.ResetMocksTestExecutionListener, org.springframework.test.context.web.ServletTestExecutionListener, org.springframework.test.context.support.DirtiesContextBeforeModesTestExecutionListener, org.springframework.test.context.event.ApplicationEventsTestExecutionListener, org.springframework.test.context.support.DependencyInjectionTestExecutionListener, org.springframework.test.context.support.DirtiesContextTestExecutionListener, org.springframework.test.context.transaction.TransactionalTestExecutionListener, org.springframework.test.context.jdbc.SqlScriptsTestExecutionListener, org.springframework.test.context.event.EventPublishingTestExecutionListener]
17:07:00.121 [Test worker] INFO org.springframework.boot.test.context.SpringBootTestContextBootstrapper - Using TestExecutionListeners: [org.springframework.test.context.web.ServletTestExecutionListener@32232e55, org.springframework.test.context.support.DirtiesContextBeforeModesTestExecutionListener@5217f3d0, org.springframework.test.context.event.ApplicationEventsTestExecutionListener@37ebc9d8, org.springframework.boot.test.mock.mockito.MockitoTestExecutionListener@293bb8a5, org.springframework.boot.test.autoconfigure.SpringBootDependencyInjectionTestExecutionListener@2416a51, org.springframework.test.context.support.DirtiesContextTestExecutionListener@6fa590ba, org.springframework.test.context.transaction.TransactionalTestExecutionListener@6e9319f, org.springframework.test.context.jdbc.SqlScriptsTestExecutionListener@72e34f77, org.springframework.test.context.event.EventPublishingTestExecutionListener@7bf9b098, org.springframework.boot.test.autoconfigure.restdocs.RestDocsTestExecutionListener@389adf1d, org.springframework.boot.test.autoconfigure.web.client.MockRestServiceServerResetTestExecutionListener@77307458, org.springframework.boot.test.autoconfigure.web.servlet.MockMvcPrintOnlyOnFailureTestExecutionListener@1fc0053e, org.springframework.boot.test.autoconfigure.web.servlet.WebDriverTestExecutionListener@290b1b2e, org.springframework.boot.test.autoconfigure.webservices.client.MockWebServiceServerTestExecutionListener@47874b25, org.springframework.boot.test.mock.mockito.ResetMocksTestExecutionListener@33617539]
17:07:00.126 [Test worker] DEBUG org.springframework.test.context.support.AbstractDirtiesContextTestExecutionListener - Before test class: context [DefaultTestContext@770d4269 testClass = DroneControllerTests, testInstance = [null], testMethod = [null], testException = [null], mergedContextConfiguration = [WebMergedContextConfiguration@4a8ab068 testClass = DroneControllerTests, locations = '{}', classes = '{class com.futuereh.dronefeeder.DroneFeederApplication}', contextInitializerClasses = '[]', activeProfiles = '{}', propertySourceLocations = '{}', propertySourceProperties = '{org.springframework.boot.test.context.SpringBootTestContextBootstrapper=true}', contextCustomizers = set[org.springframework.boot.test.autoconfigure.actuate.metrics.MetricsExportContextCustomizerFactory$DisableMetricExportContextCustomizer@66ac5762, org.springframework.boot.test.autoconfigure.properties.PropertyMappingContextCustomizer@4b3fa0b3, org.springframework.boot.test.autoconfigure.web.servlet.WebDriverContextCustomizerFactory$Customizer@142269f2, [ImportsContextCustomizer@1922e6d key = [org.springframework.boot.test.autoconfigure.web.servlet.MockMvcAutoConfiguration, org.springframework.boot.test.autoconfigure.web.servlet.MockMvcWebClientAutoConfiguration, org.springframework.boot.test.autoconfigure.web.servlet.MockMvcWebDriverAutoConfiguration, org.springframework.boot.autoconfigure.security.oauth2.client.servlet.OAuth2ClientAutoConfiguration, org.springframework.boot.autoconfigure.security.oauth2.resource.servlet.OAuth2ResourceServerAutoConfiguration, org.springframework.boot.autoconfigure.security.servlet.SecurityAutoConfiguration, org.springframework.boot.autoconfigure.security.servlet.SecurityFilterAutoConfiguration, org.springframework.boot.autoconfigure.security.servlet.UserDetailsServiceAutoConfiguration, org.springframework.boot.test.autoconfigure.web.servlet.MockMvcSecurityConfiguration, org.springframework.boot.test.autoconfigure.web.reactive.WebTestClientAutoConfiguration]], org.springframework.boot.test.context.filter.ExcludeFilterContextCustomizer@623e088f, org.springframework.boot.test.json.DuplicateJsonObjectContextCustomizerFactory$DuplicateJsonObjectContextCustomizer@6179e425, org.springframework.boot.test.mock.mockito.MockitoContextCustomizer@ccf46de7, org.springframework.boot.test.web.client.TestRestTemplateContextCustomizer@1cdc4c27, org.springframework.boot.test.context.SpringBootTestArgs@1, org.springframework.boot.test.context.SpringBootTestWebEnvironment@1e683a3e], resourceBasePath = 'src/main/webapp', contextLoader = 'org.springframework.boot.test.context.SpringBootContextLoader', parent = [null]], attributes = map['org.springframework.test.context.web.ServletTestExecutionListener.activateListener' -> true]], class annotated with @DirtiesContext [false] with mode [null].

  .   ____          _            __ _ _
 /\\ / ___'_ __ _ _(_)_ __  __ _ \ \ \ \
( ( )\___ | '_ | '_| | '_ \/ _` | \ \ \ \
 \\/  ___)| |_)| | | | | || (_| |  ) ) ) )
  '  |____| .__|_| |_|_| |_\__, | / / / /
 =========|_|==============|___/=/_/_/_/
 :: Spring Boot ::                (v2.7.5)

2022-11-01 17:07:00.759  INFO 22865 --- [    Test worker] c.f.d.controller.DroneControllerTests    : Starting DroneControllerTests using Java 11.0.16 on Nitro with PID 22865 (started by wittho in /home/wittho/eclipse-workspace/acc-java/15-final/Drone_Feeder)
2022-11-01 17:07:00.761  INFO 22865 --- [    Test worker] c.f.d.controller.DroneControllerTests    : No active profile set, falling back to 1 default profile: "default"
2022-11-01 17:07:01.685  INFO 22865 --- [    Test worker] .s.d.r.c.RepositoryConfigurationDelegate : Bootstrapping Spring Data JPA repositories in DEFAULT mode.
2022-11-01 17:07:01.758  INFO 22865 --- [    Test worker] .s.d.r.c.RepositoryConfigurationDelegate : Finished Spring Data repository scanning in 60 ms. Found 1 JPA repository interfaces.
2022-11-01 17:07:02.498  INFO 22865 --- [    Test worker] o.hibernate.jpa.internal.util.LogHelper  : HHH000204: Processing PersistenceUnitInfo [name: default]
2022-11-01 17:07:02.590  INFO 22865 --- [    Test worker] org.hibernate.Version                    : HHH000412: Hibernate ORM core version 5.6.12.Final
2022-11-01 17:07:02.849  INFO 22865 --- [    Test worker] o.hibernate.annotations.common.Version   : HCANN000001: Hibernate Commons Annotations {5.1.2.Final}
2022-11-01 17:07:03.006  INFO 22865 --- [    Test worker] com.zaxxer.hikari.HikariDataSource       : HikariPool-1 - Starting...
2022-11-01 17:07:03.564  INFO 22865 --- [    Test worker] com.zaxxer.hikari.HikariDataSource       : HikariPool-1 - Start completed.
2022-11-01 17:07:03.589  INFO 22865 --- [    Test worker] org.hibernate.dialect.Dialect            : HHH000400: Using dialect: org.hibernate.dialect.MySQL5InnoDBDialect
2022-11-01 17:07:04.491  INFO 22865 --- [    Test worker] o.h.e.t.j.p.i.JtaPlatformInitiator       : HHH000490: Using JtaPlatform implementation: [org.hibernate.engine.transaction.jta.platform.internal.NoJtaPlatform]
2022-11-01 17:07:04.515  INFO 22865 --- [    Test worker] j.LocalContainerEntityManagerFactoryBean : Initialized JPA EntityManagerFactory for persistence unit 'default'
2022-11-01 17:07:05.560  WARN 22865 --- [    Test worker] JpaBaseConfiguration$JpaWebConfiguration : spring.jpa.open-in-view is enabled by default. Therefore, database queries may be performed during view rendering. Explicitly configure spring.jpa.open-in-view to disable this warning
2022-11-01 17:07:06.256  INFO 22865 --- [    Test worker] o.s.b.t.m.w.SpringBootMockServletContext : Initializing Spring TestDispatcherServlet ''
2022-11-01 17:07:06.256  INFO 22865 --- [    Test worker] o.s.t.web.servlet.TestDispatcherServlet  : Initializing Servlet ''
2022-11-01 17:07:06.257  INFO 22865 --- [    Test worker] o.s.t.web.servlet.TestDispatcherServlet  : Completed initialization in 1 ms
2022-11-01 17:07:06.278  INFO 22865 --- [    Test worker] c.f.d.controller.DroneControllerTests    : Started DroneControllerTests in 6.073 seconds (JVM running for 8.091)
]]></system-out>
  <system-err><![CDATA[[2022.11.01 17:07:00] (Coverage): Error during class instrumentation: org.springframework.boot.logging.log4j2.Log4J2LoggingSystem: java.lang.RuntimeException: java.io.IOException: Class org/apache/logging/log4j/core/config/composite/CompositeConfiguration not found
]]></system-err>
</testsuite>
