<?xml version="1.0" encoding="UTF-8"?>
<testsuite name="com.futuereh.dronefeeder.controller.DroneControllerTests" tests="11" skipped="0" failures="0" errors="0" timestamp="2022-11-09T14:42:55" hostname="Nitro" time="1.301">
  <properties/>
  <testcase name="01 - Testa a adição de novos drones ao DB." classname="com.futuereh.dronefeeder.controller.DroneControllerTests" time="0.715"/>
  <testcase name="02 - Testa adição de novo drone sem informar o serialNumber." classname="com.futuereh.dronefeeder.controller.DroneControllerTests" time="0.085"/>
  <testcase name="03 - Testa caso de erro inesperado." classname="com.futuereh.dronefeeder.controller.DroneControllerTests" time="0.128"/>
  <testcase name="04 - Testa caso de drone a ser adicionado já existir no DB." classname="com.futuereh.dronefeeder.controller.DroneControllerTests" time="0.031"/>
  <testcase name="05 - Testa o retorno da busca por id." classname="com.futuereh.dronefeeder.controller.DroneControllerTests" time="0.047"/>
  <testcase name="06 - Testa caso em que não é encontrado drone com o id informado." classname="com.futuereh.dronefeeder.controller.DroneControllerTests" time="0.031"/>
  <testcase name="07 - Testa retorno de drones com status false." classname="com.futuereh.dronefeeder.controller.DroneControllerTests" time="0.042"/>
  <testcase name="08 - Testa retorno de drones com status false não existirem." classname="com.futuereh.dronefeeder.controller.DroneControllerTests" time="0.05"/>
  <testcase name="09 - Testa se determinado drone foi atualizado." classname="com.futuereh.dronefeeder.controller.DroneControllerTests" time="0.05"/>
  <testcase name="10 - Testa se a remoção do drone ocorreu com sucesso." classname="com.futuereh.dronefeeder.controller.DroneControllerTests" time="0.064"/>
  <testcase name="11 - Testa a tentativa de remoção de um drone inexistente." classname="com.futuereh.dronefeeder.controller.DroneControllerTests" time="0.019"/>
  <system-out><![CDATA[2022-11-09 11:42:53.761  INFO 9237 --- [    Test worker] .b.t.c.SpringBootTestContextBootstrapper : Neither @ContextConfiguration nor @ContextHierarchy found for test class [com.futuereh.dronefeeder.controller.DroneControllerTests], using SpringBootContextLoader
2022-11-09 11:42:53.762  INFO 9237 --- [    Test worker] o.s.t.c.support.AbstractContextLoader    : Could not detect default resource locations for test class [com.futuereh.dronefeeder.controller.DroneControllerTests]: no resource found for suffixes {-context.xml, Context.groovy}.
2022-11-09 11:42:53.762  INFO 9237 --- [    Test worker] t.c.s.AnnotationConfigContextLoaderUtils : Could not detect default configuration classes for test class [com.futuereh.dronefeeder.controller.DroneControllerTests]: DroneControllerTests does not declare any static, non-private, non-final, nested classes annotated with @Configuration.
2022-11-09 11:42:53.784  INFO 9237 --- [    Test worker] .b.t.c.SpringBootTestContextBootstrapper : Found @SpringBootConfiguration com.futuereh.dronefeeder.DroneFeederApplication for test class com.futuereh.dronefeeder.controller.DroneControllerTests
2022-11-09 11:42:53.786  INFO 9237 --- [    Test worker] .b.t.c.SpringBootTestContextBootstrapper : Loaded default TestExecutionListener class names from location [META-INF/spring.factories]: [org.springframework.boot.test.autoconfigure.restdocs.RestDocsTestExecutionListener, org.springframework.boot.test.autoconfigure.web.client.MockRestServiceServerResetTestExecutionListener, org.springframework.boot.test.autoconfigure.web.servlet.MockMvcPrintOnlyOnFailureTestExecutionListener, org.springframework.boot.test.autoconfigure.web.servlet.WebDriverTestExecutionListener, org.springframework.boot.test.autoconfigure.webservices.client.MockWebServiceServerTestExecutionListener, org.springframework.boot.test.mock.mockito.MockitoTestExecutionListener, org.springframework.boot.test.mock.mockito.ResetMocksTestExecutionListener, org.springframework.test.context.web.ServletTestExecutionListener, org.springframework.test.context.support.DirtiesContextBeforeModesTestExecutionListener, org.springframework.test.context.event.ApplicationEventsTestExecutionListener, org.springframework.test.context.support.DependencyInjectionTestExecutionListener, org.springframework.test.context.support.DirtiesContextTestExecutionListener, org.springframework.test.context.transaction.TransactionalTestExecutionListener, org.springframework.test.context.jdbc.SqlScriptsTestExecutionListener, org.springframework.test.context.event.EventPublishingTestExecutionListener]
2022-11-09 11:42:53.787  INFO 9237 --- [    Test worker] .b.t.c.SpringBootTestContextBootstrapper : Using TestExecutionListeners: [org.springframework.test.context.web.ServletTestExecutionListener@22decfa2, org.springframework.test.context.support.DirtiesContextBeforeModesTestExecutionListener@3aae9e8f, org.springframework.test.context.event.ApplicationEventsTestExecutionListener@2086f336, org.springframework.boot.test.mock.mockito.MockitoTestExecutionListener@19a799cb, org.springframework.boot.test.autoconfigure.SpringBootDependencyInjectionTestExecutionListener@4d50f682, org.springframework.test.context.support.DirtiesContextTestExecutionListener@3445341, org.springframework.test.context.transaction.TransactionalTestExecutionListener@14cc1f5c, org.springframework.test.context.jdbc.SqlScriptsTestExecutionListener@3100b5cf, org.springframework.test.context.event.EventPublishingTestExecutionListener@7baea18b, org.springframework.boot.test.autoconfigure.restdocs.RestDocsTestExecutionListener@5ad13be4, org.springframework.boot.test.autoconfigure.web.client.MockRestServiceServerResetTestExecutionListener@2e93f91d, org.springframework.boot.test.autoconfigure.web.servlet.MockMvcPrintOnlyOnFailureTestExecutionListener@1a899fcd, org.springframework.boot.test.autoconfigure.web.servlet.WebDriverTestExecutionListener@14a5d7ee, org.springframework.boot.test.autoconfigure.webservices.client.MockWebServiceServerTestExecutionListener@4778c085, org.springframework.boot.test.mock.mockito.ResetMocksTestExecutionListener@76929266]

  .   ____          _            __ _ _
 /\\ / ___'_ __ _ _(_)_ __  __ _ \ \ \ \
( ( )\___ | '_ | '_| | '_ \/ _` | \ \ \ \
 \\/  ___)| |_)| | | | | || (_| |  ) ) ) )
  '  |____| .__|_| |_|_| |_\__, | / / / /
 =========|_|==============|___/=/_/_/_/
 :: Spring Boot ::                (v2.7.5)

2022-11-09 11:42:53.823  INFO 9237 --- [    Test worker] c.f.d.controller.DroneControllerTests    : Starting DroneControllerTests using Java 11.0.16 on Nitro with PID 9237 (started by wittho in /home/wittho/eclipse-workspace/acc-java/15-final/Drone_Feeder)
2022-11-09 11:42:53.823  INFO 9237 --- [    Test worker] c.f.d.controller.DroneControllerTests    : No active profile set, falling back to 1 default profile: "default"
2022-11-09 11:42:54.018  INFO 9237 --- [    Test worker] .s.d.r.c.RepositoryConfigurationDelegate : Bootstrapping Spring Data JPA repositories in DEFAULT mode.
2022-11-09 11:42:54.026  INFO 9237 --- [    Test worker] .s.d.r.c.RepositoryConfigurationDelegate : Finished Spring Data repository scanning in 8 ms. Found 2 JPA repository interfaces.
2022-11-09 11:42:54.220  INFO 9237 --- [    Test worker] o.hibernate.jpa.internal.util.LogHelper  : HHH000204: Processing PersistenceUnitInfo [name: default]
2022-11-09 11:42:54.228  INFO 9237 --- [    Test worker] com.zaxxer.hikari.HikariDataSource       : HikariPool-2 - Starting...
2022-11-09 11:42:54.297  INFO 9237 --- [    Test worker] com.zaxxer.hikari.HikariDataSource       : HikariPool-2 - Start completed.
2022-11-09 11:42:54.302  INFO 9237 --- [    Test worker] org.hibernate.dialect.Dialect            : HHH000400: Using dialect: org.hibernate.dialect.MySQL5InnoDBDialect
2022-11-09 11:42:54.358  INFO 9237 --- [    Test worker] o.h.e.t.j.p.i.JtaPlatformInitiator       : HHH000490: Using JtaPlatform implementation: [org.hibernate.engine.transaction.jta.platform.internal.NoJtaPlatform]
2022-11-09 11:42:54.358  INFO 9237 --- [    Test worker] j.LocalContainerEntityManagerFactoryBean : Initialized JPA EntityManagerFactory for persistence unit 'default'
2022-11-09 11:42:54.775  WARN 9237 --- [    Test worker] JpaBaseConfiguration$JpaWebConfiguration : spring.jpa.open-in-view is enabled by default. Therefore, database queries may be performed during view rendering. Explicitly configure spring.jpa.open-in-view to disable this warning
2022-11-09 11:42:55.246  INFO 9237 --- [    Test worker] o.s.b.t.m.w.SpringBootMockServletContext : Initializing Spring TestDispatcherServlet ''
2022-11-09 11:42:55.246  INFO 9237 --- [    Test worker] o.s.t.web.servlet.TestDispatcherServlet  : Initializing Servlet ''
2022-11-09 11:42:55.249  INFO 9237 --- [    Test worker] o.s.t.web.servlet.TestDispatcherServlet  : Completed initialization in 2 ms
2022-11-09 11:42:55.261  INFO 9237 --- [    Test worker] c.f.d.controller.DroneControllerTests    : Started DroneControllerTests in 1.471 seconds (JVM running for 12.067)
ERROR DroneService - Error Message: SerialNumber não foi informado.
ERROR DroneService - Error Message: null
ERROR DroneService - Error Message: Drone já cadastrado.
ERROR DroneService - Error Message: Drone não encontrado.
ERROR DroneService - Error Message: Drone não encontrado.
ERROR DroneService - Error Message: Drone não encontrado.
]]></system-out>
  <system-err><![CDATA[]]></system-err>
</testsuite>
