<?xml version="1.0" encoding="UTF-8"?>
<testsuite name="com.futuereh.dronefeeder.controller.EntregaControllerTests" tests="2" skipped="0" failures="0" errors="0" timestamp="2022-11-10T03:38:07" hostname="Nitro" time="0.147">
  <properties/>
  <testcase name="01 - Testa a adição de novas entregas ao DB." classname="com.futuereh.dronefeeder.controller.EntregaControllerTests" time="0.086"/>
  <testcase name="02 - Testa inserção de entrega já cadastrada." classname="com.futuereh.dronefeeder.controller.EntregaControllerTests" time="0.058"/>
  <system-out><![CDATA[2022-11-10 00:38:06.302  INFO 48206 --- [    Test worker] .b.t.c.SpringBootTestContextBootstrapper : Neither @ContextConfiguration nor @ContextHierarchy found for test class [com.futuereh.dronefeeder.controller.EntregaControllerTests], using SpringBootContextLoader
2022-11-10 00:38:06.304  INFO 48206 --- [    Test worker] o.s.t.c.support.AbstractContextLoader    : Could not detect default resource locations for test class [com.futuereh.dronefeeder.controller.EntregaControllerTests]: no resource found for suffixes {-context.xml, Context.groovy}.
2022-11-10 00:38:06.304  INFO 48206 --- [    Test worker] t.c.s.AnnotationConfigContextLoaderUtils : Could not detect default configuration classes for test class [com.futuereh.dronefeeder.controller.EntregaControllerTests]: EntregaControllerTests does not declare any static, non-private, non-final, nested classes annotated with @Configuration.
2022-11-10 00:38:06.310  INFO 48206 --- [    Test worker] .b.t.c.SpringBootTestContextBootstrapper : Found @SpringBootConfiguration com.futuereh.dronefeeder.DroneFeederApplication for test class com.futuereh.dronefeeder.controller.EntregaControllerTests
2022-11-10 00:38:06.312  INFO 48206 --- [    Test worker] .b.t.c.SpringBootTestContextBootstrapper : Loaded default TestExecutionListener class names from location [META-INF/spring.factories]: [org.springframework.boot.test.autoconfigure.restdocs.RestDocsTestExecutionListener, org.springframework.boot.test.autoconfigure.web.client.MockRestServiceServerResetTestExecutionListener, org.springframework.boot.test.autoconfigure.web.servlet.MockMvcPrintOnlyOnFailureTestExecutionListener, org.springframework.boot.test.autoconfigure.web.servlet.WebDriverTestExecutionListener, org.springframework.boot.test.autoconfigure.webservices.client.MockWebServiceServerTestExecutionListener, org.springframework.boot.test.mock.mockito.MockitoTestExecutionListener, org.springframework.boot.test.mock.mockito.ResetMocksTestExecutionListener, org.springframework.test.context.web.ServletTestExecutionListener, org.springframework.test.context.support.DirtiesContextBeforeModesTestExecutionListener, org.springframework.test.context.event.ApplicationEventsTestExecutionListener, org.springframework.test.context.support.DependencyInjectionTestExecutionListener, org.springframework.test.context.support.DirtiesContextTestExecutionListener, org.springframework.test.context.transaction.TransactionalTestExecutionListener, org.springframework.test.context.jdbc.SqlScriptsTestExecutionListener, org.springframework.test.context.event.EventPublishingTestExecutionListener]
2022-11-10 00:38:06.312  INFO 48206 --- [    Test worker] .b.t.c.SpringBootTestContextBootstrapper : Using TestExecutionListeners: [org.springframework.test.context.web.ServletTestExecutionListener@71de943f, org.springframework.test.context.support.DirtiesContextBeforeModesTestExecutionListener@5e756b8d, org.springframework.test.context.event.ApplicationEventsTestExecutionListener@4eda5325, org.springframework.boot.test.mock.mockito.MockitoTestExecutionListener@4eef8498, org.springframework.boot.test.autoconfigure.SpringBootDependencyInjectionTestExecutionListener@4b158e16, org.springframework.test.context.support.DirtiesContextTestExecutionListener@3e49adfa, org.springframework.test.context.transaction.TransactionalTestExecutionListener@2296926d, org.springframework.test.context.jdbc.SqlScriptsTestExecutionListener@10ef09e3, org.springframework.test.context.event.EventPublishingTestExecutionListener@776d50d6, org.springframework.boot.test.autoconfigure.restdocs.RestDocsTestExecutionListener@43815bc, org.springframework.boot.test.autoconfigure.web.client.MockRestServiceServerResetTestExecutionListener@122bfaac, org.springframework.boot.test.autoconfigure.web.servlet.MockMvcPrintOnlyOnFailureTestExecutionListener@7ae3591b, org.springframework.boot.test.autoconfigure.web.servlet.WebDriverTestExecutionListener@67954d71, org.springframework.boot.test.autoconfigure.webservices.client.MockWebServiceServerTestExecutionListener@234421ca, org.springframework.boot.test.mock.mockito.ResetMocksTestExecutionListener@6e774194]

  .   ____          _            __ _ _
 /\\ / ___'_ __ _ _(_)_ __  __ _ \ \ \ \
( ( )\___ | '_ | '_| | '_ \/ _` | \ \ \ \
 \\/  ___)| |_)| | | | | || (_| |  ) ) ) )
  '  |____| .__|_| |_|_| |_\__, | / / / /
 =========|_|==============|___/=/_/_/_/
 :: Spring Boot ::                (v2.7.5)

2022-11-10 00:38:06.338  INFO 48206 --- [    Test worker] c.f.d.controller.EntregaControllerTests  : Starting EntregaControllerTests using Java 11.0.17 on Nitro with PID 48206 (started by wittho in /home/wittho/eclipse-workspace/acc-java/15-final/Drone_Feeder)
2022-11-10 00:38:06.338  INFO 48206 --- [    Test worker] c.f.d.controller.EntregaControllerTests  : No active profile set, falling back to 1 default profile: "default"
2022-11-10 00:38:06.615  INFO 48206 --- [    Test worker] .s.d.r.c.RepositoryConfigurationDelegate : Bootstrapping Spring Data JPA repositories in DEFAULT mode.
2022-11-10 00:38:06.626  INFO 48206 --- [    Test worker] .s.d.r.c.RepositoryConfigurationDelegate : Finished Spring Data repository scanning in 10 ms. Found 2 JPA repository interfaces.
2022-11-10 00:38:06.826  INFO 48206 --- [    Test worker] o.hibernate.jpa.internal.util.LogHelper  : HHH000204: Processing PersistenceUnitInfo [name: default]
2022-11-10 00:38:06.831  INFO 48206 --- [    Test worker] com.zaxxer.hikari.HikariDataSource       : HikariPool-3 - Starting...
2022-11-10 00:38:06.876  INFO 48206 --- [    Test worker] com.zaxxer.hikari.HikariDataSource       : HikariPool-3 - Start completed.
2022-11-10 00:38:06.876  INFO 48206 --- [    Test worker] org.hibernate.dialect.Dialect            : HHH000400: Using dialect: org.hibernate.dialect.MySQL5InnoDBDialect
2022-11-10 00:38:06.931  INFO 48206 --- [    Test worker] o.h.e.t.j.p.i.JtaPlatformInitiator       : HHH000490: Using JtaPlatform implementation: [org.hibernate.engine.transaction.jta.platform.internal.NoJtaPlatform]
2022-11-10 00:38:06.931  INFO 48206 --- [    Test worker] j.LocalContainerEntityManagerFactoryBean : Initialized JPA EntityManagerFactory for persistence unit 'default'
2022-11-10 00:38:07.253  WARN 48206 --- [    Test worker] JpaBaseConfiguration$JpaWebConfiguration : spring.jpa.open-in-view is enabled by default. Therefore, database queries may be performed during view rendering. Explicitly configure spring.jpa.open-in-view to disable this warning
2022-11-10 00:38:07.626  INFO 48206 --- [    Test worker] o.s.b.t.m.w.SpringBootMockServletContext : Initializing Spring TestDispatcherServlet ''
2022-11-10 00:38:07.626  INFO 48206 --- [    Test worker] o.s.t.web.servlet.TestDispatcherServlet  : Initializing Servlet ''
2022-11-10 00:38:07.627  INFO 48206 --- [    Test worker] o.s.t.web.servlet.TestDispatcherServlet  : Completed initialization in 1 ms
2022-11-10 00:38:07.638  INFO 48206 --- [    Test worker] c.f.d.controller.EntregaControllerTests  : Started EntregaControllerTests in 1.323 seconds (JVM running for 13.663)
ERROR DroneService - Error Message: Drone não encontrado.
ERROR EntregaService - Error Message: Drone não encontrado.
ERROR DroneService - Error Message: Drone não encontrado.
ERROR EntregaService - Error Message: Drone não encontrado.
]]></system-out>
  <system-err><![CDATA[]]></system-err>
</testsuite>
