<?xml version="1.0" encoding="UTF-8"?>
<testsuite name="com.futuereh.dronefeeder.controller.EntregaControllerTests" tests="2" skipped="0" failures="0" errors="0" timestamp="2022-11-09T19:15:43" hostname="Nitro" time="0.73">
  <properties/>
  <testcase name="01 - Testa a adição de novas entregas ao DB." classname="com.futuereh.dronefeeder.controller.EntregaControllerTests" time="0.639"/>
  <testcase name="02 - Testa inserção de entrega já cadastrada." classname="com.futuereh.dronefeeder.controller.EntregaControllerTests" time="0.09"/>
  <system-out><![CDATA[16:15:32.831 [Test worker] DEBUG org.springframework.test.context.BootstrapUtils - Instantiating CacheAwareContextLoaderDelegate from class [org.springframework.test.context.cache.DefaultCacheAwareContextLoaderDelegate]
16:15:32.854 [Test worker] DEBUG org.springframework.test.context.BootstrapUtils - Instantiating BootstrapContext using constructor [public org.springframework.test.context.support.DefaultBootstrapContext(java.lang.Class,org.springframework.test.context.CacheAwareContextLoaderDelegate)]
16:15:32.899 [Test worker] DEBUG org.springframework.test.context.BootstrapUtils - Instantiating TestContextBootstrapper for test class [com.futuereh.dronefeeder.controller.EntregaControllerTests] from class [org.springframework.boot.test.context.SpringBootTestContextBootstrapper]
16:15:32.921 [Test worker] INFO org.springframework.boot.test.context.SpringBootTestContextBootstrapper - Neither @ContextConfiguration nor @ContextHierarchy found for test class [com.futuereh.dronefeeder.controller.EntregaControllerTests], using SpringBootContextLoader
16:15:32.931 [Test worker] DEBUG org.springframework.test.context.support.AbstractContextLoader - Did not detect default resource location for test class [com.futuereh.dronefeeder.controller.EntregaControllerTests]: class path resource [com/futuereh/dronefeeder/controller/EntregaControllerTests-context.xml] does not exist
16:15:32.932 [Test worker] DEBUG org.springframework.test.context.support.AbstractContextLoader - Did not detect default resource location for test class [com.futuereh.dronefeeder.controller.EntregaControllerTests]: class path resource [com/futuereh/dronefeeder/controller/EntregaControllerTestsContext.groovy] does not exist
16:15:32.933 [Test worker] INFO org.springframework.test.context.support.AbstractContextLoader - Could not detect default resource locations for test class [com.futuereh.dronefeeder.controller.EntregaControllerTests]: no resource found for suffixes {-context.xml, Context.groovy}.
16:15:32.935 [Test worker] INFO org.springframework.test.context.support.AnnotationConfigContextLoaderUtils - Could not detect default configuration classes for test class [com.futuereh.dronefeeder.controller.EntregaControllerTests]: EntregaControllerTests does not declare any static, non-private, non-final, nested classes annotated with @Configuration.
16:15:33.052 [Test worker] DEBUG org.springframework.test.context.support.ActiveProfilesUtils - Could not find an 'annotation declaring class' for annotation type [org.springframework.test.context.ActiveProfiles] and class [com.futuereh.dronefeeder.controller.EntregaControllerTests]
16:15:33.200 [Test worker] DEBUG org.springframework.context.annotation.ClassPathScanningCandidateComponentProvider - Identified candidate component class: file [/home/wittho/eclipse-workspace/acc-java/15-final/Drone_Feeder/build/classes/java/main/com/futuereh/dronefeeder/DroneFeederApplication.class]
16:15:33.201 [Test worker] INFO org.springframework.boot.test.context.SpringBootTestContextBootstrapper - Found @SpringBootConfiguration com.futuereh.dronefeeder.DroneFeederApplication for test class com.futuereh.dronefeeder.controller.EntregaControllerTests
16:15:33.391 [Test worker] DEBUG org.springframework.boot.test.context.SpringBootTestContextBootstrapper - @TestExecutionListeners is not present for class [com.futuereh.dronefeeder.controller.EntregaControllerTests]: using defaults.
16:15:33.392 [Test worker] INFO org.springframework.boot.test.context.SpringBootTestContextBootstrapper - Loaded default TestExecutionListener class names from location [META-INF/spring.factories]: [org.springframework.boot.test.autoconfigure.restdocs.RestDocsTestExecutionListener, org.springframework.boot.test.autoconfigure.web.client.MockRestServiceServerResetTestExecutionListener, org.springframework.boot.test.autoconfigure.web.servlet.MockMvcPrintOnlyOnFailureTestExecutionListener, org.springframework.boot.test.autoconfigure.web.servlet.WebDriverTestExecutionListener, org.springframework.boot.test.autoconfigure.webservices.client.MockWebServiceServerTestExecutionListener, org.springframework.boot.test.mock.mockito.MockitoTestExecutionListener, org.springframework.boot.test.mock.mockito.ResetMocksTestExecutionListener, org.springframework.test.context.web.ServletTestExecutionListener, org.springframework.test.context.support.DirtiesContextBeforeModesTestExecutionListener, org.springframework.test.context.event.ApplicationEventsTestExecutionListener, org.springframework.test.context.support.DependencyInjectionTestExecutionListener, org.springframework.test.context.support.DirtiesContextTestExecutionListener, org.springframework.test.context.transaction.TransactionalTestExecutionListener, org.springframework.test.context.jdbc.SqlScriptsTestExecutionListener, org.springframework.test.context.event.EventPublishingTestExecutionListener]
16:15:33.433 [Test worker] INFO org.springframework.boot.test.context.SpringBootTestContextBootstrapper - Using TestExecutionListeners: [org.springframework.test.context.web.ServletTestExecutionListener@7cc586a8, org.springframework.test.context.support.DirtiesContextBeforeModesTestExecutionListener@7db534f2, org.springframework.test.context.event.ApplicationEventsTestExecutionListener@44a2b17b, org.springframework.boot.test.mock.mockito.MockitoTestExecutionListener@7a56812e, org.springframework.boot.test.autoconfigure.SpringBootDependencyInjectionTestExecutionListener@2a76b80a, org.springframework.test.context.support.DirtiesContextTestExecutionListener@7eb01b12, org.springframework.test.context.transaction.TransactionalTestExecutionListener@2f4854d6, org.springframework.test.context.jdbc.SqlScriptsTestExecutionListener@61d9efe0, org.springframework.test.context.event.EventPublishingTestExecutionListener@7e70bd39, org.springframework.boot.test.autoconfigure.restdocs.RestDocsTestExecutionListener@e6516e, org.springframework.boot.test.autoconfigure.web.client.MockRestServiceServerResetTestExecutionListener@6de54b40, org.springframework.boot.test.autoconfigure.web.servlet.MockMvcPrintOnlyOnFailureTestExecutionListener@43ed0ff3, org.springframework.boot.test.autoconfigure.web.servlet.WebDriverTestExecutionListener@388ffbc2, org.springframework.boot.test.autoconfigure.webservices.client.MockWebServiceServerTestExecutionListener@a50b09c, org.springframework.boot.test.mock.mockito.ResetMocksTestExecutionListener@4da855dd]

  .   ____          _            __ _ _
 /\\ / ___'_ __ _ _(_)_ __  __ _ \ \ \ \
( ( )\___ | '_ | '_| | '_ \/ _` | \ \ \ \
 \\/  ___)| |_)| | | | | || (_| |  ) ) ) )
  '  |____| .__|_| |_|_| |_\__, | / / / /
 =========|_|==============|___/=/_/_/_/
 :: Spring Boot ::                (v2.7.5)

2022-11-09 16:15:34.177  INFO 17611 --- [    Test worker] c.f.d.controller.EntregaControllerTests  : Starting EntregaControllerTests using Java 11.0.17 on Nitro with PID 17611 (started by wittho in /home/wittho/eclipse-workspace/acc-java/15-final/Drone_Feeder)
2022-11-09 16:15:34.180  INFO 17611 --- [    Test worker] c.f.d.controller.EntregaControllerTests  : No active profile set, falling back to 1 default profile: "default"
2022-11-09 16:15:35.284  INFO 17611 --- [    Test worker] .s.d.r.c.RepositoryConfigurationDelegate : Bootstrapping Spring Data JPA repositories in DEFAULT mode.
2022-11-09 16:15:35.352  INFO 17611 --- [    Test worker] .s.d.r.c.RepositoryConfigurationDelegate : Finished Spring Data repository scanning in 56 ms. Found 2 JPA repository interfaces.
2022-11-09 16:15:36.114  INFO 17611 --- [    Test worker] o.hibernate.jpa.internal.util.LogHelper  : HHH000204: Processing PersistenceUnitInfo [name: default]
2022-11-09 16:15:36.204  INFO 17611 --- [    Test worker] org.hibernate.Version                    : HHH000412: Hibernate ORM core version 5.6.12.Final
2022-11-09 16:15:36.467  INFO 17611 --- [    Test worker] o.hibernate.annotations.common.Version   : HCANN000001: Hibernate Commons Annotations {5.1.2.Final}
2022-11-09 16:15:36.631  INFO 17611 --- [    Test worker] com.zaxxer.hikari.HikariDataSource       : HikariPool-1 - Starting...
2022-11-09 16:15:39.210  INFO 17611 --- [    Test worker] com.zaxxer.hikari.HikariDataSource       : HikariPool-1 - Start completed.
2022-11-09 16:15:39.234  INFO 17611 --- [    Test worker] org.hibernate.dialect.Dialect            : HHH000400: Using dialect: org.hibernate.dialect.MySQL5InnoDBDialect
2022-11-09 16:15:40.396  INFO 17611 --- [    Test worker] o.h.e.t.j.p.i.JtaPlatformInitiator       : HHH000490: Using JtaPlatform implementation: [org.hibernate.engine.transaction.jta.platform.internal.NoJtaPlatform]
2022-11-09 16:15:40.417  INFO 17611 --- [    Test worker] j.LocalContainerEntityManagerFactoryBean : Initialized JPA EntityManagerFactory for persistence unit 'default'
2022-11-09 16:15:42.286  WARN 17611 --- [    Test worker] JpaBaseConfiguration$JpaWebConfiguration : spring.jpa.open-in-view is enabled by default. Therefore, database queries may be performed during view rendering. Explicitly configure spring.jpa.open-in-view to disable this warning
2022-11-09 16:15:42.991  INFO 17611 --- [    Test worker] o.s.b.t.m.w.SpringBootMockServletContext : Initializing Spring TestDispatcherServlet ''
2022-11-09 16:15:42.991  INFO 17611 --- [    Test worker] o.s.t.web.servlet.TestDispatcherServlet  : Initializing Servlet ''
2022-11-09 16:15:42.992  INFO 17611 --- [    Test worker] o.s.t.web.servlet.TestDispatcherServlet  : Completed initialization in 1 ms
2022-11-09 16:15:43.011  INFO 17611 --- [    Test worker] c.f.d.controller.EntregaControllerTests  : Started EntregaControllerTests in 9.513 seconds (JVM running for 11.432)
ERROR DroneService - Error Message: Drone não encontrado.
ERROR EntregaService - Error Message: Drone não encontrado.
ERROR DroneService - Error Message: Drone não encontrado.
ERROR EntregaService - Error Message: Drone não encontrado.
]]></system-out>
  <system-err><![CDATA[[2022.11.09 16:15:33] (Coverage): Error during class instrumentation: org.springframework.boot.logging.log4j2.Log4J2LoggingSystem: java.lang.RuntimeException: java.io.IOException: Class org/apache/logging/log4j/core/config/composite/CompositeConfiguration not found
]]></system-err>
</testsuite>
