<?xml version="1.0" encoding="UTF-8"?>
<testsuite name="com.futuereh.dronefeeder.controller.EntregaControllerTests" tests="2" skipped="0" failures="0" errors="0" timestamp="2022-11-07T15:21:12" hostname="Nitro" time="0.061">
  <properties/>
  <testcase name="01 - Testa a adição de novas entregas ao DB." classname="com.futuereh.dronefeeder.controller.EntregaControllerTests" time="0.041"/>
  <testcase name="02 - Testa inserção de entrega já cadastrada." classname="com.futuereh.dronefeeder.controller.EntregaControllerTests" time="0.019"/>
  <system-out><![CDATA[2022-11-07 12:21:11.150  INFO 6514 --- [    Test worker] .b.t.c.SpringBootTestContextBootstrapper : Neither @ContextConfiguration nor @ContextHierarchy found for test class [com.futuereh.dronefeeder.controller.EntregaControllerTests], using SpringBootContextLoader
2022-11-07 12:21:11.151  INFO 6514 --- [    Test worker] o.s.t.c.support.AbstractContextLoader    : Could not detect default resource locations for test class [com.futuereh.dronefeeder.controller.EntregaControllerTests]: no resource found for suffixes {-context.xml, Context.groovy}.
2022-11-07 12:21:11.152  INFO 6514 --- [    Test worker] t.c.s.AnnotationConfigContextLoaderUtils : Could not detect default configuration classes for test class [com.futuereh.dronefeeder.controller.EntregaControllerTests]: EntregaControllerTests does not declare any static, non-private, non-final, nested classes annotated with @Configuration.
2022-11-07 12:21:11.155  INFO 6514 --- [    Test worker] .b.t.c.SpringBootTestContextBootstrapper : Found @SpringBootConfiguration com.futuereh.dronefeeder.DroneFeederApplication for test class com.futuereh.dronefeeder.controller.EntregaControllerTests
2022-11-07 12:21:11.157  INFO 6514 --- [    Test worker] .b.t.c.SpringBootTestContextBootstrapper : Loaded default TestExecutionListener class names from location [META-INF/spring.factories]: [org.springframework.boot.test.autoconfigure.restdocs.RestDocsTestExecutionListener, org.springframework.boot.test.autoconfigure.web.client.MockRestServiceServerResetTestExecutionListener, org.springframework.boot.test.autoconfigure.web.servlet.MockMvcPrintOnlyOnFailureTestExecutionListener, org.springframework.boot.test.autoconfigure.web.servlet.WebDriverTestExecutionListener, org.springframework.boot.test.autoconfigure.webservices.client.MockWebServiceServerTestExecutionListener, org.springframework.boot.test.mock.mockito.MockitoTestExecutionListener, org.springframework.boot.test.mock.mockito.ResetMocksTestExecutionListener, org.springframework.test.context.web.ServletTestExecutionListener, org.springframework.test.context.support.DirtiesContextBeforeModesTestExecutionListener, org.springframework.test.context.event.ApplicationEventsTestExecutionListener, org.springframework.test.context.support.DependencyInjectionTestExecutionListener, org.springframework.test.context.support.DirtiesContextTestExecutionListener, org.springframework.test.context.transaction.TransactionalTestExecutionListener, org.springframework.test.context.jdbc.SqlScriptsTestExecutionListener, org.springframework.test.context.event.EventPublishingTestExecutionListener]
2022-11-07 12:21:11.157  INFO 6514 --- [    Test worker] .b.t.c.SpringBootTestContextBootstrapper : Using TestExecutionListeners: [org.springframework.test.context.web.ServletTestExecutionListener@415cb259, org.springframework.test.context.support.DirtiesContextBeforeModesTestExecutionListener@3f1eb1bc, org.springframework.test.context.event.ApplicationEventsTestExecutionListener@69497a36, org.springframework.boot.test.mock.mockito.MockitoTestExecutionListener@497f8a4b, org.springframework.boot.test.autoconfigure.SpringBootDependencyInjectionTestExecutionListener@6d952747, org.springframework.test.context.support.DirtiesContextTestExecutionListener@27ccf818, org.springframework.test.context.transaction.TransactionalTestExecutionListener@5f6ae1d, org.springframework.test.context.jdbc.SqlScriptsTestExecutionListener@30ee413a, org.springframework.test.context.event.EventPublishingTestExecutionListener@7405e77f, org.springframework.boot.test.autoconfigure.restdocs.RestDocsTestExecutionListener@3449cddf, org.springframework.boot.test.autoconfigure.web.client.MockRestServiceServerResetTestExecutionListener@4ff1b0d, org.springframework.boot.test.autoconfigure.web.servlet.MockMvcPrintOnlyOnFailureTestExecutionListener@46da7d39, org.springframework.boot.test.autoconfigure.web.servlet.WebDriverTestExecutionListener@1d3f5482, org.springframework.boot.test.autoconfigure.webservices.client.MockWebServiceServerTestExecutionListener@67e255cf, org.springframework.boot.test.mock.mockito.ResetMocksTestExecutionListener@1bb90d4d]

  .   ____          _            __ _ _
 /\\ / ___'_ __ _ _(_)_ __  __ _ \ \ \ \
( ( )\___ | '_ | '_| | '_ \/ _` | \ \ \ \
 \\/  ___)| |_)| | | | | || (_| |  ) ) ) )
  '  |____| .__|_| |_|_| |_\__, | / / / /
 =========|_|==============|___/=/_/_/_/
 :: Spring Boot ::                (v2.7.5)

2022-11-07 12:21:11.174  INFO 6514 --- [    Test worker] c.f.d.controller.EntregaControllerTests  : Starting EntregaControllerTests using Java 11.0.16 on Nitro with PID 6514 (started by wittho in /home/wittho/eclipse-workspace/acc-java/15-final/Drone_Feeder)
2022-11-07 12:21:11.174  INFO 6514 --- [    Test worker] c.f.d.controller.EntregaControllerTests  : No active profile set, falling back to 1 default profile: "default"
2022-11-07 12:21:11.314  INFO 6514 --- [    Test worker] .s.d.r.c.RepositoryConfigurationDelegate : Bootstrapping Spring Data JPA repositories in DEFAULT mode.
2022-11-07 12:21:11.320  INFO 6514 --- [    Test worker] .s.d.r.c.RepositoryConfigurationDelegate : Finished Spring Data repository scanning in 5 ms. Found 2 JPA repository interfaces.
2022-11-07 12:21:11.416  INFO 6514 --- [    Test worker] o.hibernate.jpa.internal.util.LogHelper  : HHH000204: Processing PersistenceUnitInfo [name: default]
2022-11-07 12:21:11.420  INFO 6514 --- [    Test worker] com.zaxxer.hikari.HikariDataSource       : HikariPool-3 - Starting...
2022-11-07 12:21:11.453  INFO 6514 --- [    Test worker] com.zaxxer.hikari.HikariDataSource       : HikariPool-3 - Start completed.
2022-11-07 12:21:11.453  INFO 6514 --- [    Test worker] org.hibernate.dialect.Dialect            : HHH000400: Using dialect: org.hibernate.dialect.MySQL5InnoDBDialect
2022-11-07 12:21:11.479  INFO 6514 --- [    Test worker] o.h.e.t.j.p.i.JtaPlatformInitiator       : HHH000490: Using JtaPlatform implementation: [org.hibernate.engine.transaction.jta.platform.internal.NoJtaPlatform]
2022-11-07 12:21:11.479  INFO 6514 --- [    Test worker] j.LocalContainerEntityManagerFactoryBean : Initialized JPA EntityManagerFactory for persistence unit 'default'
2022-11-07 12:21:11.684  WARN 6514 --- [    Test worker] JpaBaseConfiguration$JpaWebConfiguration : spring.jpa.open-in-view is enabled by default. Therefore, database queries may be performed during view rendering. Explicitly configure spring.jpa.open-in-view to disable this warning
2022-11-07 12:21:12.220  INFO 6514 --- [    Test worker] o.s.b.t.m.w.SpringBootMockServletContext : Initializing Spring TestDispatcherServlet ''
2022-11-07 12:21:12.220  INFO 6514 --- [    Test worker] o.s.t.web.servlet.TestDispatcherServlet  : Initializing Servlet ''
2022-11-07 12:21:12.221  INFO 6514 --- [    Test worker] o.s.t.web.servlet.TestDispatcherServlet  : Completed initialization in 1 ms
2022-11-07 12:21:12.229  INFO 6514 --- [    Test worker] c.f.d.controller.EntregaControllerTests  : Started EntregaControllerTests in 1.07 seconds (JVM running for 9.195)
]]></system-out>
  <system-err><![CDATA[]]></system-err>
</testsuite>
