<?xml version="1.0" encoding="UTF-8"?>
<<<<<<< HEAD
<testsuite name="com.futuereh.dronefeeder.DroneFeederApplicationTests" tests="1" skipped="0" failures="0" errors="0" timestamp="2022-11-08T15:59:03" hostname="Nitro" time="0.086">
  <properties/>
  <testcase name="contextLoads()" classname="com.futuereh.dronefeeder.DroneFeederApplicationTests" time="0.086"/>
  <system-out><![CDATA[12:58:58.704 [Test worker] DEBUG org.springframework.test.context.BootstrapUtils - Instantiating CacheAwareContextLoaderDelegate from class [org.springframework.test.context.cache.DefaultCacheAwareContextLoaderDelegate]
12:58:58.719 [Test worker] DEBUG org.springframework.test.context.BootstrapUtils - Instantiating BootstrapContext using constructor [public org.springframework.test.context.support.DefaultBootstrapContext(java.lang.Class,org.springframework.test.context.CacheAwareContextLoaderDelegate)]
12:58:58.747 [Test worker] DEBUG org.springframework.test.context.BootstrapUtils - Instantiating TestContextBootstrapper for test class [com.futuereh.dronefeeder.DroneFeederApplicationTests] from class [org.springframework.boot.test.context.SpringBootTestContextBootstrapper]
12:58:58.757 [Test worker] INFO org.springframework.boot.test.context.SpringBootTestContextBootstrapper - Neither @ContextConfiguration nor @ContextHierarchy found for test class [com.futuereh.dronefeeder.DroneFeederApplicationTests], using SpringBootContextLoader
12:58:58.760 [Test worker] DEBUG org.springframework.test.context.support.AbstractContextLoader - Did not detect default resource location for test class [com.futuereh.dronefeeder.DroneFeederApplicationTests]: class path resource [com/futuereh/dronefeeder/DroneFeederApplicationTests-context.xml] does not exist
12:58:58.761 [Test worker] DEBUG org.springframework.test.context.support.AbstractContextLoader - Did not detect default resource location for test class [com.futuereh.dronefeeder.DroneFeederApplicationTests]: class path resource [com/futuereh/dronefeeder/DroneFeederApplicationTestsContext.groovy] does not exist
12:58:58.761 [Test worker] INFO org.springframework.test.context.support.AbstractContextLoader - Could not detect default resource locations for test class [com.futuereh.dronefeeder.DroneFeederApplicationTests]: no resource found for suffixes {-context.xml, Context.groovy}.
12:58:58.761 [Test worker] INFO org.springframework.test.context.support.AnnotationConfigContextLoaderUtils - Could not detect default configuration classes for test class [com.futuereh.dronefeeder.DroneFeederApplicationTests]: DroneFeederApplicationTests does not declare any static, non-private, non-final, nested classes annotated with @Configuration.
12:58:58.797 [Test worker] DEBUG org.springframework.test.context.support.ActiveProfilesUtils - Could not find an 'annotation declaring class' for annotation type [org.springframework.test.context.ActiveProfiles] and class [com.futuereh.dronefeeder.DroneFeederApplicationTests]
12:58:58.839 [Test worker] DEBUG org.springframework.context.annotation.ClassPathScanningCandidateComponentProvider - Identified candidate component class: file [/home/wittho/eclipse-workspace/acc-java/15-final/Drone_Feeder/build/classes/java/main/com/futuereh/dronefeeder/DroneFeederApplication.class]
12:58:58.840 [Test worker] INFO org.springframework.boot.test.context.SpringBootTestContextBootstrapper - Found @SpringBootConfiguration com.futuereh.dronefeeder.DroneFeederApplication for test class com.futuereh.dronefeeder.DroneFeederApplicationTests
12:58:58.911 [Test worker] DEBUG org.springframework.boot.test.context.SpringBootTestContextBootstrapper - @TestExecutionListeners is not present for class [com.futuereh.dronefeeder.DroneFeederApplicationTests]: using defaults.
12:58:58.911 [Test worker] INFO org.springframework.boot.test.context.SpringBootTestContextBootstrapper - Loaded default TestExecutionListener class names from location [META-INF/spring.factories]: [org.springframework.boot.test.autoconfigure.restdocs.RestDocsTestExecutionListener, org.springframework.boot.test.autoconfigure.web.client.MockRestServiceServerResetTestExecutionListener, org.springframework.boot.test.autoconfigure.web.servlet.MockMvcPrintOnlyOnFailureTestExecutionListener, org.springframework.boot.test.autoconfigure.web.servlet.WebDriverTestExecutionListener, org.springframework.boot.test.autoconfigure.webservices.client.MockWebServiceServerTestExecutionListener, org.springframework.boot.test.mock.mockito.MockitoTestExecutionListener, org.springframework.boot.test.mock.mockito.ResetMocksTestExecutionListener, org.springframework.test.context.web.ServletTestExecutionListener, org.springframework.test.context.support.DirtiesContextBeforeModesTestExecutionListener, org.springframework.test.context.event.ApplicationEventsTestExecutionListener, org.springframework.test.context.support.DependencyInjectionTestExecutionListener, org.springframework.test.context.support.DirtiesContextTestExecutionListener, org.springframework.test.context.transaction.TransactionalTestExecutionListener, org.springframework.test.context.jdbc.SqlScriptsTestExecutionListener, org.springframework.test.context.event.EventPublishingTestExecutionListener]
12:58:58.924 [Test worker] INFO org.springframework.boot.test.context.SpringBootTestContextBootstrapper - Using TestExecutionListeners: [org.springframework.test.context.web.ServletTestExecutionListener@26a4842b, org.springframework.test.context.support.DirtiesContextBeforeModesTestExecutionListener@7e38a7fe, org.springframework.test.context.event.ApplicationEventsTestExecutionListener@366ef90e, org.springframework.boot.test.mock.mockito.MockitoTestExecutionListener@33e01298, org.springframework.boot.test.autoconfigure.SpringBootDependencyInjectionTestExecutionListener@31e75d13, org.springframework.test.context.support.DirtiesContextTestExecutionListener@a5b0b86, org.springframework.test.context.transaction.TransactionalTestExecutionListener@4b3c354a, org.springframework.test.context.jdbc.SqlScriptsTestExecutionListener@78fb9a67, org.springframework.test.context.event.EventPublishingTestExecutionListener@73ff4fae, org.springframework.boot.test.autoconfigure.restdocs.RestDocsTestExecutionListener@21aa6d6c, org.springframework.boot.test.autoconfigure.web.client.MockRestServiceServerResetTestExecutionListener@b968a76, org.springframework.boot.test.autoconfigure.web.servlet.MockMvcPrintOnlyOnFailureTestExecutionListener@2f9a01c1, org.springframework.boot.test.autoconfigure.web.servlet.WebDriverTestExecutionListener@2611b9a3, org.springframework.boot.test.autoconfigure.webservices.client.MockWebServiceServerTestExecutionListener@54227100, org.springframework.boot.test.mock.mockito.ResetMocksTestExecutionListener@6b5894c8]
12:58:58.926 [Test worker] DEBUG org.springframework.test.context.support.AbstractDirtiesContextTestExecutionListener - Before test class: context [DefaultTestContext@7b64240d testClass = DroneFeederApplicationTests, testInstance = [null], testMethod = [null], testException = [null], mergedContextConfiguration = [WebMergedContextConfiguration@62fad19 testClass = DroneFeederApplicationTests, locations = '{}', classes = '{class com.futuereh.dronefeeder.DroneFeederApplication}', contextInitializerClasses = '[]', activeProfiles = '{}', propertySourceLocations = '{}', propertySourceProperties = '{org.springframework.boot.test.context.SpringBootTestContextBootstrapper=true}', contextCustomizers = set[org.springframework.boot.test.autoconfigure.actuate.metrics.MetricsExportContextCustomizerFactory$DisableMetricExportContextCustomizer@30e868be, org.springframework.boot.test.autoconfigure.properties.PropertyMappingContextCustomizer@0, org.springframework.boot.test.autoconfigure.web.servlet.WebDriverContextCustomizerFactory$Customizer@22f31dec, org.springframework.boot.test.context.filter.ExcludeFilterContextCustomizer@c94fd30, org.springframework.boot.test.json.DuplicateJsonObjectContextCustomizerFactory$DuplicateJsonObjectContextCustomizer@76a2ddf3, org.springframework.boot.test.mock.mockito.MockitoContextCustomizer@0, org.springframework.boot.test.web.client.TestRestTemplateContextCustomizer@7a1234bf, org.springframework.boot.test.context.SpringBootTestArgs@1, org.springframework.boot.test.context.SpringBootTestWebEnvironment@10d68fcd], resourceBasePath = 'src/main/webapp', contextLoader = 'org.springframework.boot.test.context.SpringBootContextLoader', parent = [null]], attributes = map['org.springframework.test.context.web.ServletTestExecutionListener.activateListener' -> true]], class annotated with @DirtiesContext [false] with mode [null].
=======
<testsuite name="com.futuereh.dronefeeder.DroneFeederApplicationTests" tests="1" skipped="0" failures="0" errors="0" timestamp="2022-11-07T15:21:08" hostname="Nitro" time="0.088">
  <properties/>
  <testcase name="contextLoads()" classname="com.futuereh.dronefeeder.DroneFeederApplicationTests" time="0.088"/>
  <system-out><![CDATA[12:21:03.869 [Test worker] DEBUG org.springframework.test.context.BootstrapUtils - Instantiating CacheAwareContextLoaderDelegate from class [org.springframework.test.context.cache.DefaultCacheAwareContextLoaderDelegate]
12:21:03.883 [Test worker] DEBUG org.springframework.test.context.BootstrapUtils - Instantiating BootstrapContext using constructor [public org.springframework.test.context.support.DefaultBootstrapContext(java.lang.Class,org.springframework.test.context.CacheAwareContextLoaderDelegate)]
12:21:03.917 [Test worker] DEBUG org.springframework.test.context.BootstrapUtils - Instantiating TestContextBootstrapper for test class [com.futuereh.dronefeeder.DroneFeederApplicationTests] from class [org.springframework.boot.test.context.SpringBootTestContextBootstrapper]
12:21:03.928 [Test worker] INFO org.springframework.boot.test.context.SpringBootTestContextBootstrapper - Neither @ContextConfiguration nor @ContextHierarchy found for test class [com.futuereh.dronefeeder.DroneFeederApplicationTests], using SpringBootContextLoader
12:21:03.934 [Test worker] DEBUG org.springframework.test.context.support.AbstractContextLoader - Did not detect default resource location for test class [com.futuereh.dronefeeder.DroneFeederApplicationTests]: class path resource [com/futuereh/dronefeeder/DroneFeederApplicationTests-context.xml] does not exist
12:21:03.935 [Test worker] DEBUG org.springframework.test.context.support.AbstractContextLoader - Did not detect default resource location for test class [com.futuereh.dronefeeder.DroneFeederApplicationTests]: class path resource [com/futuereh/dronefeeder/DroneFeederApplicationTestsContext.groovy] does not exist
12:21:03.936 [Test worker] INFO org.springframework.test.context.support.AbstractContextLoader - Could not detect default resource locations for test class [com.futuereh.dronefeeder.DroneFeederApplicationTests]: no resource found for suffixes {-context.xml, Context.groovy}.
12:21:03.937 [Test worker] INFO org.springframework.test.context.support.AnnotationConfigContextLoaderUtils - Could not detect default configuration classes for test class [com.futuereh.dronefeeder.DroneFeederApplicationTests]: DroneFeederApplicationTests does not declare any static, non-private, non-final, nested classes annotated with @Configuration.
12:21:03.983 [Test worker] DEBUG org.springframework.test.context.support.ActiveProfilesUtils - Could not find an 'annotation declaring class' for annotation type [org.springframework.test.context.ActiveProfiles] and class [com.futuereh.dronefeeder.DroneFeederApplicationTests]
12:21:04.038 [Test worker] DEBUG org.springframework.context.annotation.ClassPathScanningCandidateComponentProvider - Identified candidate component class: file [/home/wittho/eclipse-workspace/acc-java/15-final/Drone_Feeder/build/classes/java/main/com/futuereh/dronefeeder/DroneFeederApplication.class]
12:21:04.039 [Test worker] INFO org.springframework.boot.test.context.SpringBootTestContextBootstrapper - Found @SpringBootConfiguration com.futuereh.dronefeeder.DroneFeederApplication for test class com.futuereh.dronefeeder.DroneFeederApplicationTests
12:21:04.128 [Test worker] DEBUG org.springframework.boot.test.context.SpringBootTestContextBootstrapper - @TestExecutionListeners is not present for class [com.futuereh.dronefeeder.DroneFeederApplicationTests]: using defaults.
12:21:04.128 [Test worker] INFO org.springframework.boot.test.context.SpringBootTestContextBootstrapper - Loaded default TestExecutionListener class names from location [META-INF/spring.factories]: [org.springframework.boot.test.autoconfigure.restdocs.RestDocsTestExecutionListener, org.springframework.boot.test.autoconfigure.web.client.MockRestServiceServerResetTestExecutionListener, org.springframework.boot.test.autoconfigure.web.servlet.MockMvcPrintOnlyOnFailureTestExecutionListener, org.springframework.boot.test.autoconfigure.web.servlet.WebDriverTestExecutionListener, org.springframework.boot.test.autoconfigure.webservices.client.MockWebServiceServerTestExecutionListener, org.springframework.boot.test.mock.mockito.MockitoTestExecutionListener, org.springframework.boot.test.mock.mockito.ResetMocksTestExecutionListener, org.springframework.test.context.web.ServletTestExecutionListener, org.springframework.test.context.support.DirtiesContextBeforeModesTestExecutionListener, org.springframework.test.context.event.ApplicationEventsTestExecutionListener, org.springframework.test.context.support.DependencyInjectionTestExecutionListener, org.springframework.test.context.support.DirtiesContextTestExecutionListener, org.springframework.test.context.transaction.TransactionalTestExecutionListener, org.springframework.test.context.jdbc.SqlScriptsTestExecutionListener, org.springframework.test.context.event.EventPublishingTestExecutionListener]
12:21:04.143 [Test worker] INFO org.springframework.boot.test.context.SpringBootTestContextBootstrapper - Using TestExecutionListeners: [org.springframework.test.context.web.ServletTestExecutionListener@2692b61e, org.springframework.test.context.support.DirtiesContextBeforeModesTestExecutionListener@7b64240d, org.springframework.test.context.event.ApplicationEventsTestExecutionListener@62fad19, org.springframework.boot.test.mock.mockito.MockitoTestExecutionListener@47dbb1e2, org.springframework.boot.test.autoconfigure.SpringBootDependencyInjectionTestExecutionListener@74cadd41, org.springframework.test.context.support.DirtiesContextTestExecutionListener@2e54db99, org.springframework.test.context.transaction.TransactionalTestExecutionListener@55e8ec2f, org.springframework.test.context.jdbc.SqlScriptsTestExecutionListener@4f2613d1, org.springframework.test.context.event.EventPublishingTestExecutionListener@6d24ffa1, org.springframework.boot.test.autoconfigure.restdocs.RestDocsTestExecutionListener@65a4798f, org.springframework.boot.test.autoconfigure.web.client.MockRestServiceServerResetTestExecutionListener@773f7880, org.springframework.boot.test.autoconfigure.web.servlet.MockMvcPrintOnlyOnFailureTestExecutionListener@878452d, org.springframework.boot.test.autoconfigure.web.servlet.WebDriverTestExecutionListener@426b6a74, org.springframework.boot.test.autoconfigure.webservices.client.MockWebServiceServerTestExecutionListener@4c51bb7, org.springframework.boot.test.mock.mockito.ResetMocksTestExecutionListener@83298d7]
12:21:04.147 [Test worker] DEBUG org.springframework.test.context.support.AbstractDirtiesContextTestExecutionListener - Before test class: context [DefaultTestContext@50eca7c6 testClass = DroneFeederApplicationTests, testInstance = [null], testMethod = [null], testException = [null], mergedContextConfiguration = [WebMergedContextConfiguration@58e6d4b8 testClass = DroneFeederApplicationTests, locations = '{}', classes = '{class com.futuereh.dronefeeder.DroneFeederApplication}', contextInitializerClasses = '[]', activeProfiles = '{}', propertySourceLocations = '{}', propertySourceProperties = '{org.springframework.boot.test.context.SpringBootTestContextBootstrapper=true}', contextCustomizers = set[org.springframework.boot.test.autoconfigure.actuate.metrics.MetricsExportContextCustomizerFactory$DisableMetricExportContextCustomizer@545b995e, org.springframework.boot.test.autoconfigure.properties.PropertyMappingContextCustomizer@0, org.springframework.boot.test.autoconfigure.web.servlet.WebDriverContextCustomizerFactory$Customizer@24ba9639, org.springframework.boot.test.context.filter.ExcludeFilterContextCustomizer@6bffbc6d, org.springframework.boot.test.json.DuplicateJsonObjectContextCustomizerFactory$DuplicateJsonObjectContextCustomizer@39a2bb97, org.springframework.boot.test.mock.mockito.MockitoContextCustomizer@0, org.springframework.boot.test.web.client.TestRestTemplateContextCustomizer@3fc9504b, org.springframework.boot.test.context.SpringBootTestArgs@1, org.springframework.boot.test.context.SpringBootTestWebEnvironment@610f7aa], resourceBasePath = 'src/main/webapp', contextLoader = 'org.springframework.boot.test.context.SpringBootContextLoader', parent = [null]], attributes = map['org.springframework.test.context.web.ServletTestExecutionListener.activateListener' -> true]], class annotated with @DirtiesContext [false] with mode [null].
>>>>>>> marcusWittho

  .   ____          _            __ _ _
 /\\ / ___'_ __ _ _(_)_ __  __ _ \ \ \ \
( ( )\___ | '_ | '_| | '_ \/ _` | \ \ \ \
 \\/  ___)| |_)| | | | | || (_| |  ) ) ) )
  '  |____| .__|_| |_|_| |_\__, | / / / /
 =========|_|==============|___/=/_/_/_/
 :: Spring Boot ::                (v2.7.5)

<<<<<<< HEAD
2022-11-08 12:58:59.219  INFO 14628 --- [    Test worker] c.f.d.DroneFeederApplicationTests        : Starting DroneFeederApplicationTests using Java 11.0.16 on Nitro with PID 14628 (started by wittho in /home/wittho/eclipse-workspace/acc-java/15-final/Drone_Feeder)
2022-11-08 12:58:59.221  INFO 14628 --- [    Test worker] c.f.d.DroneFeederApplicationTests        : No active profile set, falling back to 1 default profile: "default"
2022-11-08 12:58:59.874  INFO 14628 --- [    Test worker] .s.d.r.c.RepositoryConfigurationDelegate : Bootstrapping Spring Data JPA repositories in DEFAULT mode.
2022-11-08 12:58:59.920  INFO 14628 --- [    Test worker] .s.d.r.c.RepositoryConfigurationDelegate : Finished Spring Data repository scanning in 38 ms. Found 2 JPA repository interfaces.
2022-11-08 12:59:00.602  INFO 14628 --- [    Test worker] o.hibernate.jpa.internal.util.LogHelper  : HHH000204: Processing PersistenceUnitInfo [name: default]
2022-11-08 12:59:00.663  INFO 14628 --- [    Test worker] org.hibernate.Version                    : HHH000412: Hibernate ORM core version 5.6.12.Final
2022-11-08 12:59:00.840  INFO 14628 --- [    Test worker] o.hibernate.annotations.common.Version   : HCANN000001: Hibernate Commons Annotations {5.1.2.Final}
2022-11-08 12:59:00.975  INFO 14628 --- [    Test worker] com.zaxxer.hikari.HikariDataSource       : HikariPool-1 - Starting...
2022-11-08 12:59:01.415  INFO 14628 --- [    Test worker] com.zaxxer.hikari.HikariDataSource       : HikariPool-1 - Start completed.
2022-11-08 12:59:01.427  INFO 14628 --- [    Test worker] org.hibernate.dialect.Dialect            : HHH000400: Using dialect: org.hibernate.dialect.MySQL5InnoDBDialect
2022-11-08 12:59:01.964  INFO 14628 --- [    Test worker] o.h.e.t.j.p.i.JtaPlatformInitiator       : HHH000490: Using JtaPlatform implementation: [org.hibernate.engine.transaction.jta.platform.internal.NoJtaPlatform]
2022-11-08 12:59:01.972  INFO 14628 --- [    Test worker] j.LocalContainerEntityManagerFactoryBean : Initialized JPA EntityManagerFactory for persistence unit 'default'
2022-11-08 12:59:02.595  WARN 14628 --- [    Test worker] JpaBaseConfiguration$JpaWebConfiguration : spring.jpa.open-in-view is enabled by default. Therefore, database queries may be performed during view rendering. Explicitly configure spring.jpa.open-in-view to disable this warning
2022-11-08 12:59:03.164  INFO 14628 --- [    Test worker] c.f.d.DroneFeederApplicationTests        : Started DroneFeederApplicationTests in 4.208 seconds (JVM running for 5.309)
=======
2022-11-07 12:21:04.464  INFO 6514 --- [    Test worker] c.f.d.DroneFeederApplicationTests        : Starting DroneFeederApplicationTests using Java 11.0.16 on Nitro with PID 6514 (started by wittho in /home/wittho/eclipse-workspace/acc-java/15-final/Drone_Feeder)
2022-11-07 12:21:04.466  INFO 6514 --- [    Test worker] c.f.d.DroneFeederApplicationTests        : No active profile set, falling back to 1 default profile: "default"
2022-11-07 12:21:05.164  INFO 6514 --- [    Test worker] .s.d.r.c.RepositoryConfigurationDelegate : Bootstrapping Spring Data JPA repositories in DEFAULT mode.
2022-11-07 12:21:05.209  INFO 6514 --- [    Test worker] .s.d.r.c.RepositoryConfigurationDelegate : Finished Spring Data repository scanning in 37 ms. Found 2 JPA repository interfaces.
2022-11-07 12:21:05.715  INFO 6514 --- [    Test worker] o.hibernate.jpa.internal.util.LogHelper  : HHH000204: Processing PersistenceUnitInfo [name: default]
2022-11-07 12:21:05.756  INFO 6514 --- [    Test worker] org.hibernate.Version                    : HHH000412: Hibernate ORM core version 5.6.12.Final
2022-11-07 12:21:05.915  INFO 6514 --- [    Test worker] o.hibernate.annotations.common.Version   : HCANN000001: Hibernate Commons Annotations {5.1.2.Final}
2022-11-07 12:21:06.031  INFO 6514 --- [    Test worker] com.zaxxer.hikari.HikariDataSource       : HikariPool-1 - Starting...
2022-11-07 12:21:06.431  INFO 6514 --- [    Test worker] com.zaxxer.hikari.HikariDataSource       : HikariPool-1 - Start completed.
2022-11-07 12:21:06.446  INFO 6514 --- [    Test worker] org.hibernate.dialect.Dialect            : HHH000400: Using dialect: org.hibernate.dialect.MySQL5InnoDBDialect
2022-11-07 12:21:06.991  INFO 6514 --- [    Test worker] o.h.e.t.j.p.i.JtaPlatformInitiator       : HHH000490: Using JtaPlatform implementation: [org.hibernate.engine.transaction.jta.platform.internal.NoJtaPlatform]
2022-11-07 12:21:06.999  INFO 6514 --- [    Test worker] j.LocalContainerEntityManagerFactoryBean : Initialized JPA EntityManagerFactory for persistence unit 'default'
2022-11-07 12:21:07.695  WARN 6514 --- [    Test worker] JpaBaseConfiguration$JpaWebConfiguration : spring.jpa.open-in-view is enabled by default. Therefore, database queries may be performed during view rendering. Explicitly configure spring.jpa.open-in-view to disable this warning
2022-11-07 12:21:08.958  INFO 6514 --- [    Test worker] c.f.d.DroneFeederApplicationTests        : Started DroneFeederApplicationTests in 4.772 seconds (JVM running for 5.924)
>>>>>>> marcusWittho
]]></system-out>
  <system-err><![CDATA[]]></system-err>
</testsuite>
