<?xml version="1.0" encoding="UTF-8"?>
<testsuite name="com.futuereh.dronefeeder.controller.DroneControllerTests" tests="11" skipped="0" failures="0" errors="0" timestamp="2022-11-10T03:38:05" hostname="Nitro" time="1.272">
  <properties/>
  <testcase name="01 - Testa a adição de novos drones ao DB." classname="com.futuereh.dronefeeder.controller.DroneControllerTests" time="0.767"/>
  <testcase name="02 - Testa adição de novo drone sem informar o serialNumber." classname="com.futuereh.dronefeeder.controller.DroneControllerTests" time="0.076"/>
  <testcase name="03 - Testa caso de erro inesperado." classname="com.futuereh.dronefeeder.controller.DroneControllerTests" time="0.101"/>
  <testcase name="04 - Testa caso de drone a ser adicionado já existir no DB." classname="com.futuereh.dronefeeder.controller.DroneControllerTests" time="0.029"/>
  <testcase name="05 - Testa o retorno da busca por id." classname="com.futuereh.dronefeeder.controller.DroneControllerTests" time="0.052"/>
  <testcase name="06 - Testa caso em que não é encontrado drone com o id informado." classname="com.futuereh.dronefeeder.controller.DroneControllerTests" time="0.025"/>
  <testcase name="07 - Testa retorno de drones com status false." classname="com.futuereh.dronefeeder.controller.DroneControllerTests" time="0.035"/>
  <testcase name="08 - Testa retorno de drones com status false não existirem." classname="com.futuereh.dronefeeder.controller.DroneControllerTests" time="0.047"/>
  <testcase name="09 - Testa se determinado drone foi atualizado." classname="com.futuereh.dronefeeder.controller.DroneControllerTests" time="0.043"/>
  <testcase name="10 - Testa se a remoção do drone ocorreu com sucesso." classname="com.futuereh.dronefeeder.controller.DroneControllerTests" time="0.044"/>
  <testcase name="11 - Testa a tentativa de remoção de um drone inexistente." classname="com.futuereh.dronefeeder.controller.DroneControllerTests" time="0.022"/>
  <system-out><![CDATA[2022-11-10 00:38:03.598  INFO 48206 --- [    Test worker] .b.t.c.SpringBootTestContextBootstrapper : Neither @ContextConfiguration nor @ContextHierarchy found for test class [com.futuereh.dronefeeder.controller.DroneControllerTests], using SpringBootContextLoader
2022-11-10 00:38:03.599  INFO 48206 --- [    Test worker] o.s.t.c.support.AbstractContextLoader    : Could not detect default resource locations for test class [com.futuereh.dronefeeder.controller.DroneControllerTests]: no resource found for suffixes {-context.xml, Context.groovy}.
2022-11-10 00:38:03.600  INFO 48206 --- [    Test worker] t.c.s.AnnotationConfigContextLoaderUtils : Could not detect default configuration classes for test class [com.futuereh.dronefeeder.controller.DroneControllerTests]: DroneControllerTests does not declare any static, non-private, non-final, nested classes annotated with @Configuration.
2022-11-10 00:38:03.619  INFO 48206 --- [    Test worker] .b.t.c.SpringBootTestContextBootstrapper : Found @SpringBootConfiguration com.futuereh.dronefeeder.DroneFeederApplication for test class com.futuereh.dronefeeder.controller.DroneControllerTests
2022-11-10 00:38:03.622  INFO 48206 --- [    Test worker] .b.t.c.SpringBootTestContextBootstrapper : Loaded default TestExecutionListener class names from location [META-INF/spring.factories]: [org.springframework.boot.test.autoconfigure.restdocs.RestDocsTestExecutionListener, org.springframework.boot.test.autoconfigure.web.client.MockRestServiceServerResetTestExecutionListener, org.springframework.boot.test.autoconfigure.web.servlet.MockMvcPrintOnlyOnFailureTestExecutionListener, org.springframework.boot.test.autoconfigure.web.servlet.WebDriverTestExecutionListener, org.springframework.boot.test.autoconfigure.webservices.client.MockWebServiceServerTestExecutionListener, org.springframework.boot.test.mock.mockito.MockitoTestExecutionListener, org.springframework.boot.test.mock.mockito.ResetMocksTestExecutionListener, org.springframework.test.context.web.ServletTestExecutionListener, org.springframework.test.context.support.DirtiesContextBeforeModesTestExecutionListener, org.springframework.test.context.event.ApplicationEventsTestExecutionListener, org.springframework.test.context.support.DependencyInjectionTestExecutionListener, org.springframework.test.context.support.DirtiesContextTestExecutionListener, org.springframework.test.context.transaction.TransactionalTestExecutionListener, org.springframework.test.context.jdbc.SqlScriptsTestExecutionListener, org.springframework.test.context.event.EventPublishingTestExecutionListener]
2022-11-10 00:38:03.623  INFO 48206 --- [    Test worker] .b.t.c.SpringBootTestContextBootstrapper : Using TestExecutionListeners: [org.springframework.test.context.web.ServletTestExecutionListener@495598c5, org.springframework.test.context.support.DirtiesContextBeforeModesTestExecutionListener@6e4ac3f5, org.springframework.test.context.event.ApplicationEventsTestExecutionListener@48dc06a9, org.springframework.boot.test.mock.mockito.MockitoTestExecutionListener@1798c749, org.springframework.boot.test.autoconfigure.SpringBootDependencyInjectionTestExecutionListener@726ee6cf, org.springframework.test.context.support.DirtiesContextTestExecutionListener@4a83d61c, org.springframework.test.context.transaction.TransactionalTestExecutionListener@624268ab, org.springframework.test.context.jdbc.SqlScriptsTestExecutionListener@33315925, org.springframework.test.context.event.EventPublishingTestExecutionListener@366c9912, org.springframework.boot.test.autoconfigure.restdocs.RestDocsTestExecutionListener@628b9af5, org.springframework.boot.test.autoconfigure.web.client.MockRestServiceServerResetTestExecutionListener@137db13f, org.springframework.boot.test.autoconfigure.web.servlet.MockMvcPrintOnlyOnFailureTestExecutionListener@2a3c3a04, org.springframework.boot.test.autoconfigure.web.servlet.WebDriverTestExecutionListener@78ca8258, org.springframework.boot.test.autoconfigure.webservices.client.MockWebServiceServerTestExecutionListener@4628f386, org.springframework.boot.test.mock.mockito.ResetMocksTestExecutionListener@38224635]

  .   ____          _            __ _ _
 /\\ / ___'_ __ _ _(_)_ __  __ _ \ \ \ \
( ( )\___ | '_ | '_| | '_ \/ _` | \ \ \ \
 \\/  ___)| |_)| | | | | || (_| |  ) ) ) )
  '  |____| .__|_| |_|_| |_\__, | / / / /
 =========|_|==============|___/=/_/_/_/
 :: Spring Boot ::                (v2.7.5)

2022-11-10 00:38:03.653  INFO 48206 --- [    Test worker] c.f.d.controller.DroneControllerTests    : Starting DroneControllerTests using Java 11.0.17 on Nitro with PID 48206 (started by wittho in /home/wittho/eclipse-workspace/acc-java/15-final/Drone_Feeder)
2022-11-10 00:38:03.653  INFO 48206 --- [    Test worker] c.f.d.controller.DroneControllerTests    : No active profile set, falling back to 1 default profile: "default"
2022-11-10 00:38:03.927  INFO 48206 --- [    Test worker] .s.d.r.c.RepositoryConfigurationDelegate : Bootstrapping Spring Data JPA repositories in DEFAULT mode.
2022-11-10 00:38:03.939  INFO 48206 --- [    Test worker] .s.d.r.c.RepositoryConfigurationDelegate : Finished Spring Data repository scanning in 9 ms. Found 2 JPA repository interfaces.
2022-11-10 00:38:04.079  INFO 48206 --- [    Test worker] o.hibernate.jpa.internal.util.LogHelper  : HHH000204: Processing PersistenceUnitInfo [name: default]
2022-11-10 00:38:04.085  INFO 48206 --- [    Test worker] com.zaxxer.hikari.HikariDataSource       : HikariPool-2 - Starting...
2022-11-10 00:38:04.125  INFO 48206 --- [    Test worker] com.zaxxer.hikari.HikariDataSource       : HikariPool-2 - Start completed.
2022-11-10 00:38:04.126  INFO 48206 --- [    Test worker] org.hibernate.dialect.Dialect            : HHH000400: Using dialect: org.hibernate.dialect.MySQL5InnoDBDialect
2022-11-10 00:38:04.171  INFO 48206 --- [    Test worker] o.h.e.t.j.p.i.JtaPlatformInitiator       : HHH000490: Using JtaPlatform implementation: [org.hibernate.engine.transaction.jta.platform.internal.NoJtaPlatform]
2022-11-10 00:38:04.172  INFO 48206 --- [    Test worker] j.LocalContainerEntityManagerFactoryBean : Initialized JPA EntityManagerFactory for persistence unit 'default'
2022-11-10 00:38:04.619  WARN 48206 --- [    Test worker] JpaBaseConfiguration$JpaWebConfiguration : spring.jpa.open-in-view is enabled by default. Therefore, database queries may be performed during view rendering. Explicitly configure spring.jpa.open-in-view to disable this warning
2022-11-10 00:38:04.967  INFO 48206 --- [    Test worker] o.s.b.t.m.w.SpringBootMockServletContext : Initializing Spring TestDispatcherServlet ''
2022-11-10 00:38:04.970  INFO 48206 --- [    Test worker] o.s.t.web.servlet.TestDispatcherServlet  : Initializing Servlet ''
2022-11-10 00:38:04.971  INFO 48206 --- [    Test worker] o.s.t.web.servlet.TestDispatcherServlet  : Completed initialization in 1 ms
2022-11-10 00:38:04.991  INFO 48206 --- [    Test worker] c.f.d.controller.DroneControllerTests    : Started DroneControllerTests in 1.366 seconds (JVM running for 11.017)
ERROR DroneService - Error Message: SerialNumber não foi informado.
ERROR DroneService - Error Message: null
ERROR DroneService - Error Message: Drone já cadastrado.
ERROR DroneService - Error Message: Drone não encontrado.
ERROR DroneService - Error Message: Drone não encontrado.
ERROR DroneService - Error Message: Drone não encontrado.
]]></system-out>
  <system-err><![CDATA[]]></system-err>
</testsuite>
