<?xml version="1.0" encoding="UTF-8"?>
<testsuite name="com.futuereh.dronefeeder.DroneFeederApplicationTests" tests="1" skipped="0" failures="0" errors="0" timestamp="2022-10-31T15:22:59" hostname="Nitro" time="0.137">
  <properties/>
  <testcase name="contextLoads()" classname="com.futuereh.dronefeeder.DroneFeederApplicationTests" time="0.137"/>
  <system-out><![CDATA[12:22:52.844 [Test worker] DEBUG org.springframework.test.context.BootstrapUtils - Instantiating CacheAwareContextLoaderDelegate from class [org.springframework.test.context.cache.DefaultCacheAwareContextLoaderDelegate]
12:22:52.859 [Test worker] DEBUG org.springframework.test.context.BootstrapUtils - Instantiating BootstrapContext using constructor [public org.springframework.test.context.support.DefaultBootstrapContext(java.lang.Class,org.springframework.test.context.CacheAwareContextLoaderDelegate)]
12:22:52.905 [Test worker] DEBUG org.springframework.test.context.BootstrapUtils - Instantiating TestContextBootstrapper for test class [com.futuereh.dronefeeder.DroneFeederApplicationTests] from class [org.springframework.boot.test.context.SpringBootTestContextBootstrapper]
12:22:52.919 [Test worker] INFO org.springframework.boot.test.context.SpringBootTestContextBootstrapper - Neither @ContextConfiguration nor @ContextHierarchy found for test class [com.futuereh.dronefeeder.DroneFeederApplicationTests], using SpringBootContextLoader
12:22:52.926 [Test worker] DEBUG org.springframework.test.context.support.AbstractContextLoader - Did not detect default resource location for test class [com.futuereh.dronefeeder.DroneFeederApplicationTests]: class path resource [com/futuereh/dronefeeder/DroneFeederApplicationTests-context.xml] does not exist
12:22:52.936 [Test worker] DEBUG org.springframework.test.context.support.AbstractContextLoader - Did not detect default resource location for test class [com.futuereh.dronefeeder.DroneFeederApplicationTests]: class path resource [com/futuereh/dronefeeder/DroneFeederApplicationTestsContext.groovy] does not exist
12:22:52.937 [Test worker] INFO org.springframework.test.context.support.AbstractContextLoader - Could not detect default resource locations for test class [com.futuereh.dronefeeder.DroneFeederApplicationTests]: no resource found for suffixes {-context.xml, Context.groovy}.
12:22:52.940 [Test worker] INFO org.springframework.test.context.support.AnnotationConfigContextLoaderUtils - Could not detect default configuration classes for test class [com.futuereh.dronefeeder.DroneFeederApplicationTests]: DroneFeederApplicationTests does not declare any static, non-private, non-final, nested classes annotated with @Configuration.
12:22:52.992 [Test worker] DEBUG org.springframework.test.context.support.ActiveProfilesUtils - Could not find an 'annotation declaring class' for annotation type [org.springframework.test.context.ActiveProfiles] and class [com.futuereh.dronefeeder.DroneFeederApplicationTests]
12:22:53.050 [Test worker] DEBUG org.springframework.context.annotation.ClassPathScanningCandidateComponentProvider - Identified candidate component class: file [/home/wittho/eclipse-workspace/acc-java/15-final/drone-feeder/build/classes/java/main/com/futuereh/dronefeeder/DroneFeederApplication.class]
12:22:53.052 [Test worker] INFO org.springframework.boot.test.context.SpringBootTestContextBootstrapper - Found @SpringBootConfiguration com.futuereh.dronefeeder.DroneFeederApplication for test class com.futuereh.dronefeeder.DroneFeederApplicationTests
12:22:53.164 [Test worker] DEBUG org.springframework.boot.test.context.SpringBootTestContextBootstrapper - @TestExecutionListeners is not present for class [com.futuereh.dronefeeder.DroneFeederApplicationTests]: using defaults.
12:22:53.165 [Test worker] INFO org.springframework.boot.test.context.SpringBootTestContextBootstrapper - Loaded default TestExecutionListener class names from location [META-INF/spring.factories]: [org.springframework.boot.test.autoconfigure.restdocs.RestDocsTestExecutionListener, org.springframework.boot.test.autoconfigure.web.client.MockRestServiceServerResetTestExecutionListener, org.springframework.boot.test.autoconfigure.web.servlet.MockMvcPrintOnlyOnFailureTestExecutionListener, org.springframework.boot.test.autoconfigure.web.servlet.WebDriverTestExecutionListener, org.springframework.boot.test.autoconfigure.webservices.client.MockWebServiceServerTestExecutionListener, org.springframework.boot.test.mock.mockito.MockitoTestExecutionListener, org.springframework.boot.test.mock.mockito.ResetMocksTestExecutionListener, org.springframework.test.context.web.ServletTestExecutionListener, org.springframework.test.context.support.DirtiesContextBeforeModesTestExecutionListener, org.springframework.test.context.event.ApplicationEventsTestExecutionListener, org.springframework.test.context.support.DependencyInjectionTestExecutionListener, org.springframework.test.context.support.DirtiesContextTestExecutionListener, org.springframework.test.context.transaction.TransactionalTestExecutionListener, org.springframework.test.context.jdbc.SqlScriptsTestExecutionListener, org.springframework.test.context.event.EventPublishingTestExecutionListener]
12:22:53.185 [Test worker] INFO org.springframework.boot.test.context.SpringBootTestContextBootstrapper - Using TestExecutionListeners: [org.springframework.test.context.web.ServletTestExecutionListener@239b0f9d, org.springframework.test.context.support.DirtiesContextBeforeModesTestExecutionListener@619bfe29, org.springframework.test.context.event.ApplicationEventsTestExecutionListener@5b057c8c, org.springframework.boot.test.mock.mockito.MockitoTestExecutionListener@1eb6749b, org.springframework.boot.test.autoconfigure.SpringBootDependencyInjectionTestExecutionListener@652a7737, org.springframework.test.context.support.DirtiesContextTestExecutionListener@5b7ea70d, org.springframework.test.context.transaction.TransactionalTestExecutionListener@2bef51f2, org.springframework.test.context.jdbc.SqlScriptsTestExecutionListener@650eab8, org.springframework.test.context.event.EventPublishingTestExecutionListener@30f5a68a, org.springframework.boot.test.autoconfigure.restdocs.RestDocsTestExecutionListener@1e1d3956, org.springframework.boot.test.autoconfigure.web.client.MockRestServiceServerResetTestExecutionListener@4f2c9ba6, org.springframework.boot.test.autoconfigure.web.servlet.MockMvcPrintOnlyOnFailureTestExecutionListener@4e28bdd1, org.springframework.boot.test.autoconfigure.web.servlet.WebDriverTestExecutionListener@53f48368, org.springframework.boot.test.autoconfigure.webservices.client.MockWebServiceServerTestExecutionListener@24d4d7c9, org.springframework.boot.test.mock.mockito.ResetMocksTestExecutionListener@f0e995e]
12:22:53.195 [Test worker] DEBUG org.springframework.test.context.support.AbstractDirtiesContextTestExecutionListener - Before test class: context [DefaultTestContext@76f7d241 testClass = DroneFeederApplicationTests, testInstance = [null], testMethod = [null], testException = [null], mergedContextConfiguration = [WebMergedContextConfiguration@4a335fa8 testClass = DroneFeederApplicationTests, locations = '{}', classes = '{class com.futuereh.dronefeeder.DroneFeederApplication}', contextInitializerClasses = '[]', activeProfiles = '{}', propertySourceLocations = '{}', propertySourceProperties = '{org.springframework.boot.test.context.SpringBootTestContextBootstrapper=true}', contextCustomizers = set[org.springframework.boot.test.autoconfigure.actuate.metrics.MetricsExportContextCustomizerFactory$DisableMetricExportContextCustomizer@7a220c9a, org.springframework.boot.test.autoconfigure.properties.PropertyMappingContextCustomizer@0, org.springframework.boot.test.autoconfigure.web.servlet.WebDriverContextCustomizerFactory$Customizer@492691d7, org.springframework.boot.test.context.filter.ExcludeFilterContextCustomizer@67545b57, org.springframework.boot.test.json.DuplicateJsonObjectContextCustomizerFactory$DuplicateJsonObjectContextCustomizer@74589991, org.springframework.boot.test.mock.mockito.MockitoContextCustomizer@0, org.springframework.boot.test.web.client.TestRestTemplateContextCustomizer@130e116b, org.springframework.boot.test.context.SpringBootTestArgs@1, org.springframework.boot.test.context.SpringBootTestWebEnvironment@a1cdc6d], resourceBasePath = 'src/main/webapp', contextLoader = 'org.springframework.boot.test.context.SpringBootContextLoader', parent = [null]], attributes = map['org.springframework.test.context.web.ServletTestExecutionListener.activateListener' -> true]], class annotated with @DirtiesContext [false] with mode [null].

  .   ____          _            __ _ _
 /\\ / ___'_ __ _ _(_)_ __  __ _ \ \ \ \
( ( )\___ | '_ | '_| | '_ \/ _` | \ \ \ \
 \\/  ___)| |_)| | | | | || (_| |  ) ) ) )
  '  |____| .__|_| |_|_| |_\__, | / / / /
 =========|_|==============|___/=/_/_/_/
 :: Spring Boot ::                (v2.7.5)

2022-10-31 12:22:53.760  INFO 11501 --- [    Test worker] c.f.d.DroneFeederApplicationTests        : Starting DroneFeederApplicationTests using Java 11.0.16 on Nitro with PID 11501 (started by wittho in /home/wittho/eclipse-workspace/acc-java/15-final/drone-feeder)
2022-10-31 12:22:53.764  INFO 11501 --- [    Test worker] c.f.d.DroneFeederApplicationTests        : No active profile set, falling back to 1 default profile: "default"
2022-10-31 12:22:54.644  INFO 11501 --- [    Test worker] .s.d.r.c.RepositoryConfigurationDelegate : Bootstrapping Spring Data JPA repositories in DEFAULT mode.
2022-10-31 12:22:54.717  INFO 11501 --- [    Test worker] .s.d.r.c.RepositoryConfigurationDelegate : Finished Spring Data repository scanning in 43 ms. Found 1 JPA repository interfaces.
2022-10-31 12:22:55.314  INFO 11501 --- [    Test worker] com.zaxxer.hikari.HikariDataSource       : HikariPool-1 - Starting...
2022-10-31 12:22:55.957  INFO 11501 --- [    Test worker] com.zaxxer.hikari.HikariDataSource       : HikariPool-1 - Start completed.
2022-10-31 12:22:56.189  INFO 11501 --- [    Test worker] o.hibernate.jpa.internal.util.LogHelper  : HHH000204: Processing PersistenceUnitInfo [name: default]
2022-10-31 12:22:56.250  INFO 11501 --- [    Test worker] org.hibernate.Version                    : HHH000412: Hibernate ORM core version 5.6.12.Final
2022-10-31 12:22:56.516  INFO 11501 --- [    Test worker] o.hibernate.annotations.common.Version   : HCANN000001: Hibernate Commons Annotations {5.1.2.Final}
2022-10-31 12:22:56.893  INFO 11501 --- [    Test worker] org.hibernate.dialect.Dialect            : HHH000400: Using dialect: org.hibernate.dialect.MySQL5InnoDBDialect
2022-10-31 12:22:57.099  WARN 11501 --- [    Test worker] o.h.b.i.SessionFactoryOptionsBuilder     : Unrecognized hibernate.hbm2ddl.auto value: 'drop-and-create'.  Supported values include 'create', 'create-drop', 'create-only', 'drop', 'update', 'none' and 'validate'.  Ignoring
2022-10-31 12:22:57.608  INFO 11501 --- [    Test worker] o.h.e.t.j.p.i.JtaPlatformInitiator       : HHH000490: Using JtaPlatform implementation: [org.hibernate.engine.transaction.jta.platform.internal.NoJtaPlatform]
2022-10-31 12:22:57.615  INFO 11501 --- [    Test worker] j.LocalContainerEntityManagerFactoryBean : Initialized JPA EntityManagerFactory for persistence unit 'default'
2022-10-31 12:22:58.339  WARN 11501 --- [    Test worker] JpaBaseConfiguration$JpaWebConfiguration : spring.jpa.open-in-view is enabled by default. Therefore, database queries may be performed during view rendering. Explicitly configure spring.jpa.open-in-view to disable this warning
2022-10-31 12:22:59.184  INFO 11501 --- [    Test worker] c.f.d.DroneFeederApplicationTests        : Started DroneFeederApplicationTests in 5.947 seconds (JVM running for 7.528)
]]></system-out>
  <system-err><![CDATA[]]></system-err>
</testsuite>
