<?xml version="1.0" encoding="UTF-8"?>
<testsuite name="com.futuereh.dronefeeder.controller.EntregaControllerTests" tests="2" skipped="0" failures="0" errors="0" timestamp="2022-11-08T15:59:05" hostname="Nitro" time="0.068">
  <properties/>
  <testcase name="01 - Testa a adição de novas entregas ao DB." classname="com.futuereh.dronefeeder.controller.EntregaControllerTests" time="0.042"/>
  <testcase name="02 - Testa inserção de entrega já cadastrada." classname="com.futuereh.dronefeeder.controller.EntregaControllerTests" time="0.025"/>
  <system-out><![CDATA[2022-11-08 12:59:04.992  INFO 14628 --- [    Test worker] .b.t.c.SpringBootTestContextBootstrapper : Neither @ContextConfiguration nor @ContextHierarchy found for test class [com.futuereh.dronefeeder.controller.EntregaControllerTests], using SpringBootContextLoader
2022-11-08 12:59:04.993  INFO 14628 --- [    Test worker] o.s.t.c.support.AbstractContextLoader    : Could not detect default resource locations for test class [com.futuereh.dronefeeder.controller.EntregaControllerTests]: no resource found for suffixes {-context.xml, Context.groovy}.
2022-11-08 12:59:04.993  INFO 14628 --- [    Test worker] t.c.s.AnnotationConfigContextLoaderUtils : Could not detect default configuration classes for test class [com.futuereh.dronefeeder.controller.EntregaControllerTests]: EntregaControllerTests does not declare any static, non-private, non-final, nested classes annotated with @Configuration.
2022-11-08 12:59:04.996  INFO 14628 --- [    Test worker] .b.t.c.SpringBootTestContextBootstrapper : Found @SpringBootConfiguration com.futuereh.dronefeeder.DroneFeederApplication for test class com.futuereh.dronefeeder.controller.EntregaControllerTests
2022-11-08 12:59:04.998  INFO 14628 --- [    Test worker] .b.t.c.SpringBootTestContextBootstrapper : Loaded default TestExecutionListener class names from location [META-INF/spring.factories]: [org.springframework.boot.test.autoconfigure.restdocs.RestDocsTestExecutionListener, org.springframework.boot.test.autoconfigure.web.client.MockRestServiceServerResetTestExecutionListener, org.springframework.boot.test.autoconfigure.web.servlet.MockMvcPrintOnlyOnFailureTestExecutionListener, org.springframework.boot.test.autoconfigure.web.servlet.WebDriverTestExecutionListener, org.springframework.boot.test.autoconfigure.webservices.client.MockWebServiceServerTestExecutionListener, org.springframework.boot.test.mock.mockito.MockitoTestExecutionListener, org.springframework.boot.test.mock.mockito.ResetMocksTestExecutionListener, org.springframework.test.context.web.ServletTestExecutionListener, org.springframework.test.context.support.DirtiesContextBeforeModesTestExecutionListener, org.springframework.test.context.event.ApplicationEventsTestExecutionListener, org.springframework.test.context.support.DependencyInjectionTestExecutionListener, org.springframework.test.context.support.DirtiesContextTestExecutionListener, org.springframework.test.context.transaction.TransactionalTestExecutionListener, org.springframework.test.context.jdbc.SqlScriptsTestExecutionListener, org.springframework.test.context.event.EventPublishingTestExecutionListener]
2022-11-08 12:59:04.998  INFO 14628 --- [    Test worker] .b.t.c.SpringBootTestContextBootstrapper : Using TestExecutionListeners: [org.springframework.test.context.web.ServletTestExecutionListener@4945cd1f, org.springframework.test.context.support.DirtiesContextBeforeModesTestExecutionListener@2dbfcbe4, org.springframework.test.context.event.ApplicationEventsTestExecutionListener@6f13ed1, org.springframework.boot.test.mock.mockito.MockitoTestExecutionListener@44aaa987, org.springframework.boot.test.autoconfigure.SpringBootDependencyInjectionTestExecutionListener@23e0b938, org.springframework.test.context.support.DirtiesContextTestExecutionListener@7053b64b, org.springframework.test.context.transaction.TransactionalTestExecutionListener@7f5b0926, org.springframework.test.context.jdbc.SqlScriptsTestExecutionListener@6eac71db, org.springframework.test.context.event.EventPublishingTestExecutionListener@48a32c4f, org.springframework.boot.test.autoconfigure.restdocs.RestDocsTestExecutionListener@25af2afe, org.springframework.boot.test.autoconfigure.web.client.MockRestServiceServerResetTestExecutionListener@21a1554, org.springframework.boot.test.autoconfigure.web.servlet.MockMvcPrintOnlyOnFailureTestExecutionListener@f359e65, org.springframework.boot.test.autoconfigure.web.servlet.WebDriverTestExecutionListener@5ea50a98, org.springframework.boot.test.autoconfigure.webservices.client.MockWebServiceServerTestExecutionListener@2812368, org.springframework.boot.test.mock.mockito.ResetMocksTestExecutionListener@50e336d9]

  .   ____          _            __ _ _
 /\\ / ___'_ __ _ _(_)_ __  __ _ \ \ \ \
( ( )\___ | '_ | '_| | '_ \/ _` | \ \ \ \
 \\/  ___)| |_)| | | | | || (_| |  ) ) ) )
  '  |____| .__|_| |_|_| |_\__, | / / / /
 =========|_|==============|___/=/_/_/_/
 :: Spring Boot ::                (v2.7.5)

2022-11-08 12:59:05.025  INFO 14628 --- [    Test worker] c.f.d.controller.EntregaControllerTests  : Starting EntregaControllerTests using Java 11.0.16 on Nitro with PID 14628 (started by wittho in /home/wittho/eclipse-workspace/acc-java/15-final/Drone_Feeder)
2022-11-08 12:59:05.025  INFO 14628 --- [    Test worker] c.f.d.controller.EntregaControllerTests  : No active profile set, falling back to 1 default profile: "default"
2022-11-08 12:59:05.139  INFO 14628 --- [    Test worker] .s.d.r.c.RepositoryConfigurationDelegate : Bootstrapping Spring Data JPA repositories in DEFAULT mode.
2022-11-08 12:59:05.145  INFO 14628 --- [    Test worker] .s.d.r.c.RepositoryConfigurationDelegate : Finished Spring Data repository scanning in 5 ms. Found 2 JPA repository interfaces.
2022-11-08 12:59:05.225  INFO 14628 --- [    Test worker] o.hibernate.jpa.internal.util.LogHelper  : HHH000204: Processing PersistenceUnitInfo [name: default]
2022-11-08 12:59:05.229  INFO 14628 --- [    Test worker] com.zaxxer.hikari.HikariDataSource       : HikariPool-3 - Starting...
2022-11-08 12:59:05.264  INFO 14628 --- [    Test worker] com.zaxxer.hikari.HikariDataSource       : HikariPool-3 - Start completed.
2022-11-08 12:59:05.264  INFO 14628 --- [    Test worker] org.hibernate.dialect.Dialect            : HHH000400: Using dialect: org.hibernate.dialect.MySQL5InnoDBDialect
2022-11-08 12:59:05.295  INFO 14628 --- [    Test worker] o.h.e.t.j.p.i.JtaPlatformInitiator       : HHH000490: Using JtaPlatform implementation: [org.hibernate.engine.transaction.jta.platform.internal.NoJtaPlatform]
2022-11-08 12:59:05.295  INFO 14628 --- [    Test worker] j.LocalContainerEntityManagerFactoryBean : Initialized JPA EntityManagerFactory for persistence unit 'default'
2022-11-08 12:59:05.513  WARN 14628 --- [    Test worker] JpaBaseConfiguration$JpaWebConfiguration : spring.jpa.open-in-view is enabled by default. Therefore, database queries may be performed during view rendering. Explicitly configure spring.jpa.open-in-view to disable this warning
2022-11-08 12:59:05.737  INFO 14628 --- [    Test worker] o.s.b.t.m.w.SpringBootMockServletContext : Initializing Spring TestDispatcherServlet ''
2022-11-08 12:59:05.737  INFO 14628 --- [    Test worker] o.s.t.web.servlet.TestDispatcherServlet  : Initializing Servlet ''
2022-11-08 12:59:05.738  INFO 14628 --- [    Test worker] o.s.t.web.servlet.TestDispatcherServlet  : Completed initialization in 1 ms
2022-11-08 12:59:05.744  INFO 14628 --- [    Test worker] c.f.d.controller.EntregaControllerTests  : Started EntregaControllerTests in 0.745 seconds (JVM running for 7.889)
]]></system-out>
  <system-err><![CDATA[]]></system-err>
</testsuite>
