<?xml version="1.0" encoding="UTF-8"?>
<testsuite name="com.futuereh.dronefeeder.controller.DroneControllerTests" tests="11" skipped="0" failures="0" errors="0" timestamp="2022-11-07T15:21:10" hostname="Nitro" time="0.69">
  <properties/>
  <testcase name="01 - Testa a adição de novos drones ao DB." classname="com.futuereh.dronefeeder.controller.DroneControllerTests" time="0.386"/>
  <testcase name="02 - Testa adição de novo drone sem informar o serialNumber." classname="com.futuereh.dronefeeder.controller.DroneControllerTests" time="0.047"/>
  <testcase name="03 - Testa caso de erro inesperado." classname="com.futuereh.dronefeeder.controller.DroneControllerTests" time="0.045"/>
  <testcase name="04 - Testa caso de drone a ser adicionado já existir no DB." classname="com.futuereh.dronefeeder.controller.DroneControllerTests" time="0.019"/>
  <testcase name="05 - Testa o retorno da busca por id." classname="com.futuereh.dronefeeder.controller.DroneControllerTests" time="0.032"/>
  <testcase name="06 - Testa caso em que não é encontrado drone com o id informado." classname="com.futuereh.dronefeeder.controller.DroneControllerTests" time="0.017"/>
  <testcase name="07 - Testa retorno de drones com status false." classname="com.futuereh.dronefeeder.controller.DroneControllerTests" time="0.03"/>
  <testcase name="08 - Testa retorno de drones com status false não existirem." classname="com.futuereh.dronefeeder.controller.DroneControllerTests" time="0.028"/>
  <testcase name="09 - Testa se determinado drone foi atualizado." classname="com.futuereh.dronefeeder.controller.DroneControllerTests" time="0.031"/>
  <testcase name="10 - Testa se a remoção do drone ocorreu com sucesso." classname="com.futuereh.dronefeeder.controller.DroneControllerTests" time="0.03"/>
  <testcase name="11 - Testa a tentativa de remoção de um drone inexistente." classname="com.futuereh.dronefeeder.controller.DroneControllerTests" time="0.013"/>
  <system-out><![CDATA[2022-11-07 12:21:09.071  INFO 6514 --- [    Test worker] .b.t.c.SpringBootTestContextBootstrapper : Neither @ContextConfiguration nor @ContextHierarchy found for test class [com.futuereh.dronefeeder.controller.DroneControllerTests], using SpringBootContextLoader
2022-11-07 12:21:09.072  INFO 6514 --- [    Test worker] o.s.t.c.support.AbstractContextLoader    : Could not detect default resource locations for test class [com.futuereh.dronefeeder.controller.DroneControllerTests]: no resource found for suffixes {-context.xml, Context.groovy}.
2022-11-07 12:21:09.072  INFO 6514 --- [    Test worker] t.c.s.AnnotationConfigContextLoaderUtils : Could not detect default configuration classes for test class [com.futuereh.dronefeeder.controller.DroneControllerTests]: DroneControllerTests does not declare any static, non-private, non-final, nested classes annotated with @Configuration.
2022-11-07 12:21:09.084  INFO 6514 --- [    Test worker] .b.t.c.SpringBootTestContextBootstrapper : Found @SpringBootConfiguration com.futuereh.dronefeeder.DroneFeederApplication for test class com.futuereh.dronefeeder.controller.DroneControllerTests
2022-11-07 12:21:09.087  INFO 6514 --- [    Test worker] .b.t.c.SpringBootTestContextBootstrapper : Loaded default TestExecutionListener class names from location [META-INF/spring.factories]: [org.springframework.boot.test.autoconfigure.restdocs.RestDocsTestExecutionListener, org.springframework.boot.test.autoconfigure.web.client.MockRestServiceServerResetTestExecutionListener, org.springframework.boot.test.autoconfigure.web.servlet.MockMvcPrintOnlyOnFailureTestExecutionListener, org.springframework.boot.test.autoconfigure.web.servlet.WebDriverTestExecutionListener, org.springframework.boot.test.autoconfigure.webservices.client.MockWebServiceServerTestExecutionListener, org.springframework.boot.test.mock.mockito.MockitoTestExecutionListener, org.springframework.boot.test.mock.mockito.ResetMocksTestExecutionListener, org.springframework.test.context.web.ServletTestExecutionListener, org.springframework.test.context.support.DirtiesContextBeforeModesTestExecutionListener, org.springframework.test.context.event.ApplicationEventsTestExecutionListener, org.springframework.test.context.support.DependencyInjectionTestExecutionListener, org.springframework.test.context.support.DirtiesContextTestExecutionListener, org.springframework.test.context.transaction.TransactionalTestExecutionListener, org.springframework.test.context.jdbc.SqlScriptsTestExecutionListener, org.springframework.test.context.event.EventPublishingTestExecutionListener]
2022-11-07 12:21:09.087  INFO 6514 --- [    Test worker] .b.t.c.SpringBootTestContextBootstrapper : Using TestExecutionListeners: [org.springframework.test.context.web.ServletTestExecutionListener@3f473daf, org.springframework.test.context.support.DirtiesContextBeforeModesTestExecutionListener@390e814c, org.springframework.test.context.event.ApplicationEventsTestExecutionListener@5bb661e0, org.springframework.boot.test.mock.mockito.MockitoTestExecutionListener@18fcfe7e, org.springframework.boot.test.autoconfigure.SpringBootDependencyInjectionTestExecutionListener@1ed0128b, org.springframework.test.context.support.DirtiesContextTestExecutionListener@5319e4fc, org.springframework.test.context.transaction.TransactionalTestExecutionListener@3b48361e, org.springframework.test.context.jdbc.SqlScriptsTestExecutionListener@44b82007, org.springframework.test.context.event.EventPublishingTestExecutionListener@5ae22651, org.springframework.boot.test.autoconfigure.restdocs.RestDocsTestExecutionListener@464017f5, org.springframework.boot.test.autoconfigure.web.client.MockRestServiceServerResetTestExecutionListener@3c4231e5, org.springframework.boot.test.autoconfigure.web.servlet.MockMvcPrintOnlyOnFailureTestExecutionListener@397f9672, org.springframework.boot.test.autoconfigure.web.servlet.WebDriverTestExecutionListener@72e4ffa2, org.springframework.boot.test.autoconfigure.webservices.client.MockWebServiceServerTestExecutionListener@34dda1b4, org.springframework.boot.test.mock.mockito.ResetMocksTestExecutionListener@193d73d3]

  .   ____          _            __ _ _
 /\\ / ___'_ __ _ _(_)_ __  __ _ \ \ \ \
( ( )\___ | '_ | '_| | '_ \/ _` | \ \ \ \
 \\/  ___)| |_)| | | | | || (_| |  ) ) ) )
  '  |____| .__|_| |_|_| |_\__, | / / / /
 =========|_|==============|___/=/_/_/_/
 :: Spring Boot ::                (v2.7.5)

2022-11-07 12:21:09.118  INFO 6514 --- [    Test worker] c.f.d.controller.DroneControllerTests    : Starting DroneControllerTests using Java 11.0.16 on Nitro with PID 6514 (started by wittho in /home/wittho/eclipse-workspace/acc-java/15-final/Drone_Feeder)
2022-11-07 12:21:09.118  INFO 6514 --- [    Test worker] c.f.d.controller.DroneControllerTests    : No active profile set, falling back to 1 default profile: "default"
2022-11-07 12:21:09.271  INFO 6514 --- [    Test worker] .s.d.r.c.RepositoryConfigurationDelegate : Bootstrapping Spring Data JPA repositories in DEFAULT mode.
2022-11-07 12:21:09.278  INFO 6514 --- [    Test worker] .s.d.r.c.RepositoryConfigurationDelegate : Finished Spring Data repository scanning in 6 ms. Found 2 JPA repository interfaces.
2022-11-07 12:21:09.383  INFO 6514 --- [    Test worker] o.hibernate.jpa.internal.util.LogHelper  : HHH000204: Processing PersistenceUnitInfo [name: default]
2022-11-07 12:21:09.387  INFO 6514 --- [    Test worker] com.zaxxer.hikari.HikariDataSource       : HikariPool-2 - Starting...
2022-11-07 12:21:09.426  INFO 6514 --- [    Test worker] com.zaxxer.hikari.HikariDataSource       : HikariPool-2 - Start completed.
2022-11-07 12:21:09.427  INFO 6514 --- [    Test worker] org.hibernate.dialect.Dialect            : HHH000400: Using dialect: org.hibernate.dialect.MySQL5InnoDBDialect
2022-11-07 12:21:09.474  INFO 6514 --- [    Test worker] o.h.e.t.j.p.i.JtaPlatformInitiator       : HHH000490: Using JtaPlatform implementation: [org.hibernate.engine.transaction.jta.platform.internal.NoJtaPlatform]
2022-11-07 12:21:09.474  INFO 6514 --- [    Test worker] j.LocalContainerEntityManagerFactoryBean : Initialized JPA EntityManagerFactory for persistence unit 'default'
2022-11-07 12:21:09.784  WARN 6514 --- [    Test worker] JpaBaseConfiguration$JpaWebConfiguration : spring.jpa.open-in-view is enabled by default. Therefore, database queries may be performed during view rendering. Explicitly configure spring.jpa.open-in-view to disable this warning
2022-11-07 12:21:10.429  INFO 6514 --- [    Test worker] o.s.b.t.m.w.SpringBootMockServletContext : Initializing Spring TestDispatcherServlet ''
2022-11-07 12:21:10.429  INFO 6514 --- [    Test worker] o.s.t.web.servlet.TestDispatcherServlet  : Initializing Servlet ''
2022-11-07 12:21:10.430  INFO 6514 --- [    Test worker] o.s.t.web.servlet.TestDispatcherServlet  : Completed initialization in 1 ms
2022-11-07 12:21:10.440  INFO 6514 --- [    Test worker] c.f.d.controller.DroneControllerTests    : Started DroneControllerTests in 1.351 seconds (JVM running for 7.406)
]]></system-out>
  <system-err><![CDATA[]]></system-err>
</testsuite>
