<?xml version="1.0" encoding="UTF-8"?>
<testsuite name="com.futuereh.dronefeeder.controller.DroneControllerTests" tests="8" skipped="0" failures="0" errors="0" timestamp="2022-11-02T20:46:55" hostname="Nitro" time="0.59">
  <properties/>
  <testcase name="01 - Testa a adição de novos drones ao DB." classname="com.futuereh.dronefeeder.controller.DroneControllerTests" time="0.358"/>
  <testcase name="02 - Testa adição de novo drone sem informar o serialNumber." classname="com.futuereh.dronefeeder.controller.DroneControllerTests" time="0.029"/>
  <testcase name="03 - Testa caso de drone a ser adicionado já existir no DB." classname="com.futuereh.dronefeeder.controller.DroneControllerTests" time="0.049"/>
  <testcase name="04 - Testa o retorno da busca por id." classname="com.futuereh.dronefeeder.controller.DroneControllerTests" time="0.035"/>
  <testcase name="05 - Testa caso em que não é encontrado drone com o id informado." classname="com.futuereh.dronefeeder.controller.DroneControllerTests" time="0.017"/>
  <testcase name="06 - Testa se determinado drone foi atualizado." classname="com.futuereh.dronefeeder.controller.DroneControllerTests" time="0.034"/>
  <testcase name="07 - Testa se a remoção do drone ocorreu com sucesso." classname="com.futuereh.dronefeeder.controller.DroneControllerTests" time="0.038"/>
  <testcase name="08 - Testa a tentativa de remoção de um drone inexistente." classname="com.futuereh.dronefeeder.controller.DroneControllerTests" time="0.013"/>
  <system-out><![CDATA[17:46:51.166 [Test worker] DEBUG org.springframework.test.context.BootstrapUtils - Instantiating CacheAwareContextLoaderDelegate from class [org.springframework.test.context.cache.DefaultCacheAwareContextLoaderDelegate]
17:46:51.174 [Test worker] DEBUG org.springframework.test.context.BootstrapUtils - Instantiating BootstrapContext using constructor [public org.springframework.test.context.support.DefaultBootstrapContext(java.lang.Class,org.springframework.test.context.CacheAwareContextLoaderDelegate)]
17:46:51.206 [Test worker] DEBUG org.springframework.test.context.BootstrapUtils - Instantiating TestContextBootstrapper for test class [com.futuereh.dronefeeder.controller.DroneControllerTests] from class [org.springframework.boot.test.context.SpringBootTestContextBootstrapper]
17:46:51.216 [Test worker] INFO org.springframework.boot.test.context.SpringBootTestContextBootstrapper - Neither @ContextConfiguration nor @ContextHierarchy found for test class [com.futuereh.dronefeeder.controller.DroneControllerTests], using SpringBootContextLoader
17:46:51.219 [Test worker] DEBUG org.springframework.test.context.support.AbstractContextLoader - Did not detect default resource location for test class [com.futuereh.dronefeeder.controller.DroneControllerTests]: class path resource [com/futuereh/dronefeeder/controller/DroneControllerTests-context.xml] does not exist
17:46:51.220 [Test worker] DEBUG org.springframework.test.context.support.AbstractContextLoader - Did not detect default resource location for test class [com.futuereh.dronefeeder.controller.DroneControllerTests]: class path resource [com/futuereh/dronefeeder/controller/DroneControllerTestsContext.groovy] does not exist
17:46:51.220 [Test worker] INFO org.springframework.test.context.support.AbstractContextLoader - Could not detect default resource locations for test class [com.futuereh.dronefeeder.controller.DroneControllerTests]: no resource found for suffixes {-context.xml, Context.groovy}.
17:46:51.221 [Test worker] INFO org.springframework.test.context.support.AnnotationConfigContextLoaderUtils - Could not detect default configuration classes for test class [com.futuereh.dronefeeder.controller.DroneControllerTests]: DroneControllerTests does not declare any static, non-private, non-final, nested classes annotated with @Configuration.
17:46:51.270 [Test worker] DEBUG org.springframework.test.context.support.ActiveProfilesUtils - Could not find an 'annotation declaring class' for annotation type [org.springframework.test.context.ActiveProfiles] and class [com.futuereh.dronefeeder.controller.DroneControllerTests]
17:46:51.321 [Test worker] DEBUG org.springframework.context.annotation.ClassPathScanningCandidateComponentProvider - Identified candidate component class: file [/home/wittho/eclipse-workspace/acc-java/15-final/Drone_Feeder/build/classes/java/main/com/futuereh/dronefeeder/DroneFeederApplication.class]
17:46:51.322 [Test worker] INFO org.springframework.boot.test.context.SpringBootTestContextBootstrapper - Found @SpringBootConfiguration com.futuereh.dronefeeder.DroneFeederApplication for test class com.futuereh.dronefeeder.controller.DroneControllerTests
17:46:51.392 [Test worker] DEBUG org.springframework.boot.test.context.SpringBootTestContextBootstrapper - @TestExecutionListeners is not present for class [com.futuereh.dronefeeder.controller.DroneControllerTests]: using defaults.
17:46:51.392 [Test worker] INFO org.springframework.boot.test.context.SpringBootTestContextBootstrapper - Loaded default TestExecutionListener class names from location [META-INF/spring.factories]: [org.springframework.boot.test.autoconfigure.restdocs.RestDocsTestExecutionListener, org.springframework.boot.test.autoconfigure.web.client.MockRestServiceServerResetTestExecutionListener, org.springframework.boot.test.autoconfigure.web.servlet.MockMvcPrintOnlyOnFailureTestExecutionListener, org.springframework.boot.test.autoconfigure.web.servlet.WebDriverTestExecutionListener, org.springframework.boot.test.autoconfigure.webservices.client.MockWebServiceServerTestExecutionListener, org.springframework.boot.test.mock.mockito.MockitoTestExecutionListener, org.springframework.boot.test.mock.mockito.ResetMocksTestExecutionListener, org.springframework.test.context.web.ServletTestExecutionListener, org.springframework.test.context.support.DirtiesContextBeforeModesTestExecutionListener, org.springframework.test.context.event.ApplicationEventsTestExecutionListener, org.springframework.test.context.support.DependencyInjectionTestExecutionListener, org.springframework.test.context.support.DirtiesContextTestExecutionListener, org.springframework.test.context.transaction.TransactionalTestExecutionListener, org.springframework.test.context.jdbc.SqlScriptsTestExecutionListener, org.springframework.test.context.event.EventPublishingTestExecutionListener]
17:46:51.405 [Test worker] INFO org.springframework.boot.test.context.SpringBootTestContextBootstrapper - Using TestExecutionListeners: [org.springframework.test.context.web.ServletTestExecutionListener@61526469, org.springframework.test.context.support.DirtiesContextBeforeModesTestExecutionListener@274872f8, org.springframework.test.context.event.ApplicationEventsTestExecutionListener@76ba13c, org.springframework.boot.test.mock.mockito.MockitoTestExecutionListener@eb6449b, org.springframework.boot.test.autoconfigure.SpringBootDependencyInjectionTestExecutionListener@7c351808, org.springframework.test.context.support.DirtiesContextTestExecutionListener@180e6ac4, org.springframework.test.context.transaction.TransactionalTestExecutionListener@42b64ab8, org.springframework.test.context.jdbc.SqlScriptsTestExecutionListener@7e985ce9, org.springframework.test.context.event.EventPublishingTestExecutionListener@2a39fe6a, org.springframework.boot.test.autoconfigure.restdocs.RestDocsTestExecutionListener@410ae9a3, org.springframework.boot.test.autoconfigure.web.client.MockRestServiceServerResetTestExecutionListener@319988b0, org.springframework.boot.test.autoconfigure.web.servlet.MockMvcPrintOnlyOnFailureTestExecutionListener@d5ae57e, org.springframework.boot.test.autoconfigure.web.servlet.WebDriverTestExecutionListener@68759011, org.springframework.boot.test.autoconfigure.webservices.client.MockWebServiceServerTestExecutionListener@7e242b4d, org.springframework.boot.test.mock.mockito.ResetMocksTestExecutionListener@305f031]
17:46:51.408 [Test worker] DEBUG org.springframework.test.context.support.AbstractDirtiesContextTestExecutionListener - Before test class: context [DefaultTestContext@475835b1 testClass = DroneControllerTests, testInstance = [null], testMethod = [null], testException = [null], mergedContextConfiguration = [WebMergedContextConfiguration@6326d182 testClass = DroneControllerTests, locations = '{}', classes = '{class com.futuereh.dronefeeder.DroneFeederApplication}', contextInitializerClasses = '[]', activeProfiles = '{}', propertySourceLocations = '{}', propertySourceProperties = '{org.springframework.boot.test.context.SpringBootTestContextBootstrapper=true}', contextCustomizers = set[org.springframework.boot.test.autoconfigure.actuate.metrics.MetricsExportContextCustomizerFactory$DisableMetricExportContextCustomizer@31c7528f, org.springframework.boot.test.autoconfigure.properties.PropertyMappingContextCustomizer@4b3fa0b3, org.springframework.boot.test.autoconfigure.web.servlet.WebDriverContextCustomizerFactory$Customizer@52c3cb31, [ImportsContextCustomizer@5241cf67 key = [org.springframework.boot.test.autoconfigure.web.servlet.MockMvcAutoConfiguration, org.springframework.boot.test.autoconfigure.web.servlet.MockMvcWebClientAutoConfiguration, org.springframework.boot.test.autoconfigure.web.servlet.MockMvcWebDriverAutoConfiguration, org.springframework.boot.autoconfigure.security.oauth2.client.servlet.OAuth2ClientAutoConfiguration, org.springframework.boot.autoconfigure.security.oauth2.resource.servlet.OAuth2ResourceServerAutoConfiguration, org.springframework.boot.autoconfigure.security.servlet.SecurityAutoConfiguration, org.springframework.boot.autoconfigure.security.servlet.SecurityFilterAutoConfiguration, org.springframework.boot.autoconfigure.security.servlet.UserDetailsServiceAutoConfiguration, org.springframework.boot.test.autoconfigure.web.servlet.MockMvcSecurityConfiguration, org.springframework.boot.test.autoconfigure.web.reactive.WebTestClientAutoConfiguration]], org.springframework.boot.test.context.filter.ExcludeFilterContextCustomizer@74f5ce22, org.springframework.boot.test.json.DuplicateJsonObjectContextCustomizerFactory$DuplicateJsonObjectContextCustomizer@7776ab, org.springframework.boot.test.mock.mockito.MockitoContextCustomizer@828ab03b, org.springframework.boot.test.web.client.TestRestTemplateContextCustomizer@4fad9bb2, org.springframework.boot.test.context.SpringBootTestArgs@1, org.springframework.boot.test.context.SpringBootTestWebEnvironment@568ff82], resourceBasePath = 'src/main/webapp', contextLoader = 'org.springframework.boot.test.context.SpringBootContextLoader', parent = [null]], attributes = map['org.springframework.test.context.web.ServletTestExecutionListener.activateListener' -> true]], class annotated with @DirtiesContext [false] with mode [null].

  .   ____          _            __ _ _
 /\\ / ___'_ __ _ _(_)_ __  __ _ \ \ \ \
( ( )\___ | '_ | '_| | '_ \/ _` | \ \ \ \
 \\/  ___)| |_)| | | | | || (_| |  ) ) ) )
  '  |____| .__|_| |_|_| |_\__, | / / / /
 =========|_|==============|___/=/_/_/_/
 :: Spring Boot ::                (v2.7.5)

2022-11-02 17:46:51.696  INFO 33982 --- [    Test worker] c.f.d.controller.DroneControllerTests    : Starting DroneControllerTests using Java 11.0.16 on Nitro with PID 33982 (started by wittho in /home/wittho/eclipse-workspace/acc-java/15-final/Drone_Feeder)
2022-11-02 17:46:51.698  INFO 33982 --- [    Test worker] c.f.d.controller.DroneControllerTests    : No active profile set, falling back to 1 default profile: "default"
2022-11-02 17:46:52.218  INFO 33982 --- [    Test worker] .s.d.r.c.RepositoryConfigurationDelegate : Bootstrapping Spring Data JPA repositories in DEFAULT mode.
2022-11-02 17:46:52.257  INFO 33982 --- [    Test worker] .s.d.r.c.RepositoryConfigurationDelegate : Finished Spring Data repository scanning in 33 ms. Found 1 JPA repository interfaces.
2022-11-02 17:46:52.698  INFO 33982 --- [    Test worker] o.hibernate.jpa.internal.util.LogHelper  : HHH000204: Processing PersistenceUnitInfo [name: default]
2022-11-02 17:46:52.737  INFO 33982 --- [    Test worker] org.hibernate.Version                    : HHH000412: Hibernate ORM core version 5.6.12.Final
2022-11-02 17:46:52.903  INFO 33982 --- [    Test worker] o.hibernate.annotations.common.Version   : HCANN000001: Hibernate Commons Annotations {5.1.2.Final}
2022-11-02 17:46:53.013  INFO 33982 --- [    Test worker] com.zaxxer.hikari.HikariDataSource       : HikariPool-1 - Starting...
2022-11-02 17:46:53.365  INFO 33982 --- [    Test worker] com.zaxxer.hikari.HikariDataSource       : HikariPool-1 - Start completed.
2022-11-02 17:46:53.379  INFO 33982 --- [    Test worker] org.hibernate.dialect.Dialect            : HHH000400: Using dialect: org.hibernate.dialect.MySQL5InnoDBDialect
2022-11-02 17:46:53.878  INFO 33982 --- [    Test worker] o.h.e.t.j.p.i.JtaPlatformInitiator       : HHH000490: Using JtaPlatform implementation: [org.hibernate.engine.transaction.jta.platform.internal.NoJtaPlatform]
2022-11-02 17:46:53.885  INFO 33982 --- [    Test worker] j.LocalContainerEntityManagerFactoryBean : Initialized JPA EntityManagerFactory for persistence unit 'default'
2022-11-02 17:46:54.524  WARN 33982 --- [    Test worker] JpaBaseConfiguration$JpaWebConfiguration : spring.jpa.open-in-view is enabled by default. Therefore, database queries may be performed during view rendering. Explicitly configure spring.jpa.open-in-view to disable this warning
2022-11-02 17:46:54.965  INFO 33982 --- [    Test worker] o.s.b.t.m.w.SpringBootMockServletContext : Initializing Spring TestDispatcherServlet ''
2022-11-02 17:46:54.965  INFO 33982 --- [    Test worker] o.s.t.web.servlet.TestDispatcherServlet  : Initializing Servlet ''
2022-11-02 17:46:54.966  INFO 33982 --- [    Test worker] o.s.t.web.servlet.TestDispatcherServlet  : Completed initialization in 1 ms
2022-11-02 17:46:54.982  INFO 33982 --- [    Test worker] c.f.d.controller.DroneControllerTests    : Started DroneControllerTests in 3.543 seconds (JVM running for 4.487)
]]></system-out>
  <system-err><![CDATA[]]></system-err>
</testsuite>
